{"meta": {"format": 3, "version": "7.11.0", "timestamp": "2025-11-03T04:13:54.672780", "branch_coverage": false, "show_contexts": false}, "files": {"opnsense_mcp/server.py": {"executed_lines": [], "summary": {"covered_lines": 0, "num_statements": 202, "percent_covered": 0.0, "percent_covered_display": "0", "missing_lines": 202, "excluded_lines": 0}, "missing_lines": [4, 5, 6, 7, 8, 9, 10, 12, 14, 15, 16, 17, 18, 19, 20, 21, 22, 23, 24, 25, 26, 27, 29, 32, 35, 37, 38, 39, 40, 43, 44, 45, 47, 48, 49, 59, 65, 67, 69, 70, 71, 72, 73, 76, 78, 79, 80, 81, 82, 83, 84, 86, 100, 109, 125, 126, 129, 130, 131, 132, 133, 144, 146, 147, 150, 153, 154, 157, 158, 488, 491, 492, 493, 495, 496, 497, 498, 499, 500, 505, 506, 507, 512, 513, 514, 519, 520, 527, 532, 533, 534, 539, 540, 541, 546, 547, 548, 553, 554, 555, 560, 561, 562, 567, 568, 569, 574, 575, 576, 581, 582, 583, 585, 586, 593, 595, 599, 600, 601, 602, 603, 604, 606, 611, 613, 618, 625, 634, 637, 641, 651, 653, 655, 656, 663, 666, 667, 668, 669, 670, 671, 672, 673, 674, 675, 676, 677, 680, 682, 683, 685, 686, 687, 690, 691, 692, 695, 696, 699, 700, 701, 702, 705, 706, 709, 710, 711, 713, 714, 717, 718, 719, 722, 737, 738, 742, 743, 744, 745, 746, 751, 755, 756, 758, 759, 760, 761, 762, 763, 764, 765, 766, 767, 768, 770, 771, 774, 775, 776, 777, 778, 779], "excluded_lines": [], "functions": {"get_opnsense_client": {"executed_lines": [], "summary": {"covered_lines": 0, "num_statements": 18, "percent_covered": 0.0, "percent_covered_display": "0", "missing_lines": 18, "excluded_lines": 0}, "missing_lines": [37, 38, 39, 40, 43, 44, 45, 47, 48, 49, 59, 65, 67, 69, 70, 71, 72, 73], "excluded_lines": []}, "format_log_response": {"executed_lines": [], "summary": {"covered_lines": 0, "num_statements": 9, "percent_covered": 0.0, "percent_covered_display": "0", "missing_lines": 9, "excluded_lines": 0}, "missing_lines": [78, 79, 80, 81, 82, 83, 84, 86, 100], "excluded_lines": []}, "handle_message": {"executed_lines": [], "summary": {"covered_lines": 0, "num_statements": 74, "percent_covered": 0.0, "percent_covered_display": "0", "missing_lines": 74, "excluded_lines": 0}, "missing_lines": [125, 126, 129, 130, 131, 132, 133, 144, 146, 147, 150, 153, 154, 157, 158, 488, 491, 492, 493, 495, 496, 497, 498, 499, 500, 505, 506, 507, 512, 513, 514, 519, 520, 527, 532, 533, 534, 539, 540, 541, 546, 547, 548, 553, 554, 555, 560, 561, 562, 567, 568, 569, 574, 575, 576, 581, 582, 583, 585, 586, 593, 595, 599, 600, 601, 602, 603, 604, 606, 611, 613, 618, 625, 634], "excluded_lines": []}, "error_response": {"executed_lines": [], "summary": {"covered_lines": 0, "num_statements": 1, "percent_covered": 0.0, "percent_covered_display": "0", "missing_lines": 1, "excluded_lines": 0}, "missing_lines": [641], "excluded_lines": []}, "main": {"executed_lines": [], "summary": {"covered_lines": 0, "num_statements": 19, "percent_covered": 0.0, "percent_covered_display": "0", "missing_lines": 19, "excluded_lines": 0}, "missing_lines": [653, 655, 656, 663, 666, 667, 668, 669, 670, 671, 672, 673, 674, 675, 676, 677, 680, 770, 771], "excluded_lines": []}, "main.process_messages": {"executed_lines": [], "summary": {"covered_lines": 0, "num_statements": 46, "percent_covered": 0.0, "percent_covered_display": "0", "missing_lines": 46, "excluded_lines": 0}, "missing_lines": [682, 683, 685, 686, 687, 690, 691, 692, 695, 696, 699, 700, 701, 702, 705, 706, 709, 710, 711, 713, 714, 717, 718, 719, 722, 737, 738, 742, 743, 744, 745, 746, 751, 755, 756, 758, 759, 760, 761, 762, 763, 764, 765, 766, 767, 768], "excluded_lines": []}, "": {"executed_lines": [], "summary": {"covered_lines": 0, "num_statements": 35, "percent_covered": 0.0, "percent_covered_display": "0", "missing_lines": 35, "excluded_lines": 0}, "missing_lines": [4, 5, 6, 7, 8, 9, 10, 12, 14, 15, 16, 17, 18, 19, 20, 21, 22, 23, 24, 25, 26, 27, 29, 32, 35, 76, 109, 637, 651, 774, 775, 776, 777, 778, 779], "excluded_lines": []}}, "classes": {"": {"executed_lines": [], "summary": {"covered_lines": 0, "num_statements": 202, "percent_covered": 0.0, "percent_covered_display": "0", "missing_lines": 202, "excluded_lines": 0}, "missing_lines": [4, 5, 6, 7, 8, 9, 10, 12, 14, 15, 16, 17, 18, 19, 20, 21, 22, 23, 24, 25, 26, 27, 29, 32, 35, 37, 38, 39, 40, 43, 44, 45, 47, 48, 49, 59, 65, 67, 69, 70, 71, 72, 73, 76, 78, 79, 80, 81, 82, 83, 84, 86, 100, 109, 125, 126, 129, 130, 131, 132, 133, 144, 146, 147, 150, 153, 154, 157, 158, 488, 491, 492, 493, 495, 496, 497, 498, 499, 500, 505, 506, 507, 512, 513, 514, 519, 520, 527, 532, 533, 534, 539, 540, 541, 546, 547, 548, 553, 554, 555, 560, 561, 562, 567, 568, 569, 574, 575, 576, 581, 582, 583, 585, 586, 593, 595, 599, 600, 601, 602, 603, 604, 606, 611, 613, 618, 625, 634, 637, 641, 651, 653, 655, 656, 663, 666, 667, 668, 669, 670, 671, 672, 673, 674, 675, 676, 677, 680, 682, 683, 685, 686, 687, 690, 691, 692, 695, 696, 699, 700, 701, 702, 705, 706, 709, 710, 711, 713, 714, 717, 718, 719, 722, 737, 738, 742, 743, 744, 745, 746, 751, 755, 756, 758, 759, 760, 761, 762, 763, 764, 765, 766, 767, 768, 770, 771, 774, 775, 776, 777, 778, 779], "excluded_lines": []}}}, "opnsense_mcp/tools/__init__.py": {"executed_lines": [1, 3, 4, 5, 6, 7, 8, 9, 10, 11, 12, 13, 14, 15, 18, 35, 45], "summary": {"covered_lines": 16, "num_statements": 21, "percent_covered": 76.19047619047619, "percent_covered_display": "76", "missing_lines": 5, "excluded_lines": 0}, "missing_lines": [37, 38, 39, 41, 42], "excluded_lines": [], "functions": {"execute_tool": {"executed_lines": [], "summary": {"covered_lines": 0, "num_statements": 5, "percent_covered": 0.0, "percent_covered_display": "0", "missing_lines": 5, "excluded_lines": 0}, "missing_lines": [37, 38, 39, 41, 42], "excluded_lines": []}, "": {"executed_lines": [1, 3, 4, 5, 6, 7, 8, 9, 10, 11, 12, 13, 14, 15, 18, 35, 45], "summary": {"covered_lines": 16, "num_statements": 16, "percent_covered": 100.0, "percent_covered_display": "100", "missing_lines": 0, "excluded_lines": 0}, "missing_lines": [], "excluded_lines": []}}, "classes": {"": {"executed_lines": [1, 3, 4, 5, 6, 7, 8, 9, 10, 11, 12, 13, 14, 15, 18, 35, 45], "summary": {"covered_lines": 16, "num_statements": 21, "percent_covered": 76.19047619047619, "percent_covered_display": "76", "missing_lines": 5, "excluded_lines": 0}, "missing_lines": [37, 38, 39, 41, 42], "excluded_lines": []}}}, "opnsense_mcp/tools/arp.py": {"executed_lines": [1, 3, 4, 6, 8, 9, 11, 13, 16, 17, 19, 20, 21, 22, 23, 24, 25, 26, 27, 30, 31, 33, 41, 43, 49, 50, 54, 55, 143, 144, 145, 149, 155, 156, 157, 159, 171, 175, 180, 191, 192, 196, 198], "summary": {"covered_lines": 40, "num_statements": 93, "percent_covered": 43.01075268817204, "percent_covered_display": "43", "missing_lines": 53, "excluded_lines": 0}, "missing_lines": [51, 52, 57, 58, 59, 60, 64, 68, 74, 75, 76, 77, 78, 79, 80, 83, 84, 85, 86, 87, 88, 89, 90, 91, 92, 93, 94, 95, 96, 99, 101, 102, 112, 115, 116, 118, 119, 126, 131, 136, 160, 161, 166, 172, 176, 185, 186, 187, 189, 193, 194, 195, 200], "excluded_lines": [], "functions": {"ARPTool.__init__": {"executed_lines": [41], "summary": {"covered_lines": 1, "num_statements": 1, "percent_covered": 100.0, "percent_covered_display": "100", "missing_lines": 0, "excluded_lines": 0}, "missing_lines": [], "excluded_lines": []}, "ARPTool.execute": {"executed_lines": [49, 50, 54, 55, 143, 144, 145, 149, 155, 156, 157, 159, 171, 175, 180], "summary": {"covered_lines": 15, "num_statements": 63, "percent_covered": 23.80952380952381, "percent_covered_display": "24", "missing_lines": 48, "excluded_lines": 0}, "missing_lines": [51, 52, 57, 58, 59, 60, 64, 68, 74, 75, 76, 77, 78, 79, 80, 83, 84, 85, 86, 87, 88, 89, 90, 91, 92, 93, 94, 95, 96, 99, 101, 102, 112, 115, 116, 118, 126, 131, 136, 160, 161, 166, 172, 176, 185, 186, 187, 189], "excluded_lines": []}, "ARPTool.execute.match_any": {"executed_lines": [], "summary": {"covered_lines": 0, "num_statements": 1, "percent_covered": 0.0, "percent_covered_display": "0", "missing_lines": 1, "excluded_lines": 0}, "missing_lines": [119], "excluded_lines": []}, "ARPTool._fill_manufacturer": {"executed_lines": [192, 196], "summary": {"covered_lines": 2, "num_statements": 5, "percent_covered": 40.0, "percent_covered_display": "40", "missing_lines": 3, "excluded_lines": 0}, "missing_lines": [193, 194, 195], "excluded_lines": []}, "ARPTool._get_dummy_data": {"executed_lines": [], "summary": {"covered_lines": 0, "num_statements": 1, "percent_covered": 0.0, "percent_covered_display": "0", "missing_lines": 1, "excluded_lines": 0}, "missing_lines": [200], "excluded_lines": []}, "": {"executed_lines": [1, 3, 4, 6, 8, 9, 11, 13, 16, 17, 19, 20, 21, 22, 23, 24, 25, 26, 27, 30, 31, 33, 43, 191, 198], "summary": {"covered_lines": 22, "num_statements": 22, "percent_covered": 100.0, "percent_covered_display": "100", "missing_lines": 0, "excluded_lines": 0}, "missing_lines": [], "excluded_lines": []}}, "classes": {"ARPEntry": {"executed_lines": [], "summary": {"covered_lines": 0, "num_statements": 0, "percent_covered": 100.0, "percent_covered_display": "100", "missing_lines": 0, "excluded_lines": 0}, "missing_lines": [], "excluded_lines": []}, "ARPTool": {"executed_lines": [41, 49, 50, 54, 55, 143, 144, 145, 149, 155, 156, 157, 159, 171, 175, 180, 192, 196], "summary": {"covered_lines": 18, "num_statements": 71, "percent_covered": 25.35211267605634, "percent_covered_display": "25", "missing_lines": 53, "excluded_lines": 0}, "missing_lines": [51, 52, 57, 58, 59, 60, 64, 68, 74, 75, 76, 77, 78, 79, 80, 83, 84, 85, 86, 87, 88, 89, 90, 91, 92, 93, 94, 95, 96, 99, 101, 102, 112, 115, 116, 118, 119, 126, 131, 136, 160, 161, 166, 172, 176, 185, 186, 187, 189, 193, 194, 195, 200], "excluded_lines": []}, "": {"executed_lines": [1, 3, 4, 6, 8, 9, 11, 13, 16, 17, 19, 20, 21, 22, 23, 24, 25, 26, 27, 30, 31, 33, 43, 191, 198], "summary": {"covered_lines": 22, "num_statements": 22, "percent_covered": 100.0, "percent_covered_display": "100", "missing_lines": 0, "excluded_lines": 0}, "missing_lines": [], "excluded_lines": []}}}, "opnsense_mcp/tools/convert_pip_audit_to_html.py": {"executed_lines": [], "summary": {"covered_lines": 0, "num_statements": 43, "percent_covered": 0.0, "percent_covered_display": "0", "missing_lines": 43, "excluded_lines": 0}, "missing_lines": [3, 4, 7, 13, 14, 15, 17, 18, 20, 21, 22, 23, 25, 32, 33, 34, 36, 41, 42, 44, 45, 50, 52, 53, 54, 55, 56, 58, 59, 60, 61, 69, 75, 77, 78, 79, 80, 87, 89, 91, 92, 95, 96], "excluded_lines": [], "functions": {"main": {"executed_lines": [], "summary": {"covered_lines": 0, "num_statements": 38, "percent_covered": 0.0, "percent_covered_display": "0", "missing_lines": 38, "excluded_lines": 0}, "missing_lines": [13, 14, 15, 17, 18, 20, 21, 22, 23, 25, 32, 33, 34, 36, 41, 42, 44, 45, 50, 52, 53, 54, 55, 56, 58, 59, 60, 61, 69, 75, 77, 78, 79, 80, 87, 89, 91, 92], "excluded_lines": []}, "": {"executed_lines": [], "summary": {"covered_lines": 0, "num_statements": 5, "percent_covered": 0.0, "percent_covered_display": "0", "missing_lines": 5, "excluded_lines": 0}, "missing_lines": [3, 4, 7, 95, 96], "excluded_lines": []}}, "classes": {"": {"executed_lines": [], "summary": {"covered_lines": 0, "num_statements": 43, "percent_covered": 0.0, "percent_covered_display": "0", "missing_lines": 43, "excluded_lines": 0}, "missing_lines": [3, 4, 7, 13, 14, 15, 17, 18, 20, 21, 22, 23, 25, 32, 33, 34, 36, 41, 42, 44, 45, 50, 52, 53, 54, 55, 56, 58, 59, 60, 61, 69, 75, 77, 78, 79, 80, 87, 89, 91, 92, 95, 96], "excluded_lines": []}}}, "opnsense_mcp/tools/convert_trivy_to_html.py": {"executed_lines": [], "summary": {"covered_lines": 0, "num_statements": 26, "percent_covered": 0.0, "percent_covered_display": "0", "missing_lines": 26, "excluded_lines": 0}, "missing_lines": [3, 4, 7, 13, 14, 16, 17, 19, 24, 25, 27, 28, 29, 31, 32, 34, 35, 36, 42, 53, 54, 56, 58, 59, 62, 63], "excluded_lines": [], "functions": {"main": {"executed_lines": [], "summary": {"covered_lines": 0, "num_statements": 21, "percent_covered": 0.0, "percent_covered_display": "0", "missing_lines": 21, "excluded_lines": 0}, "missing_lines": [13, 14, 16, 17, 19, 24, 25, 27, 28, 29, 31, 32, 34, 35, 36, 42, 53, 54, 56, 58, 59], "excluded_lines": []}, "": {"executed_lines": [], "summary": {"covered_lines": 0, "num_statements": 5, "percent_covered": 0.0, "percent_covered_display": "0", "missing_lines": 5, "excluded_lines": 0}, "missing_lines": [3, 4, 7, 62, 63], "excluded_lines": []}}, "classes": {"": {"executed_lines": [], "summary": {"covered_lines": 0, "num_statements": 26, "percent_covered": 0.0, "percent_covered_display": "0", "missing_lines": 26, "excluded_lines": 0}, "missing_lines": [3, 4, 7, 13, 14, 16, 17, 19, 24, 25, 27, 28, 29, 31, 32, 34, 35, 36, 42, 53, 54, 56, 58, 59, 62, 63], "excluded_lines": []}}}, "opnsense_mcp/tools/dhcp.py": {"executed_lines": [1, 3, 4, 6, 8, 10, 13, 14, 16, 17, 18, 19, 20, 21, 24, 25, 27, 28, 29, 31, 39, 41, 57, 68, 69, 78, 81, 84, 87, 92, 108], "summary": {"covered_lines": 28, "num_statements": 36, "percent_covered": 77.77777777777777, "percent_covered_display": "78", "missing_lines": 8, "excluded_lines": 0}, "missing_lines": [53, 54, 55, 70, 99, 100, 101, 116], "excluded_lines": [], "functions": {"DHCPTool.__init__": {"executed_lines": [39], "summary": {"covered_lines": 1, "num_statements": 1, "percent_covered": 100.0, "percent_covered_display": "100", "missing_lines": 0, "excluded_lines": 0}, "missing_lines": [], "excluded_lines": []}, "DHCPTool._normalize_lease_entry": {"executed_lines": [], "summary": {"covered_lines": 0, "num_statements": 3, "percent_covered": 0.0, "percent_covered_display": "0", "missing_lines": 3, "excluded_lines": 0}, "missing_lines": [53, 54, 55], "excluded_lines": []}, "DHCPTool.execute": {"executed_lines": [68, 69, 78, 81, 84, 87, 92], "summary": {"covered_lines": 7, "num_statements": 11, "percent_covered": 63.63636363636363, "percent_covered_display": "64", "missing_lines": 4, "excluded_lines": 0}, "missing_lines": [70, 99, 100, 101], "excluded_lines": []}, "DHCPTool._get_dummy_data": {"executed_lines": [], "summary": {"covered_lines": 0, "num_statements": 1, "percent_covered": 0.0, "percent_covered_display": "0", "missing_lines": 1, "excluded_lines": 0}, "missing_lines": [116], "excluded_lines": []}, "": {"executed_lines": [1, 3, 4, 6, 8, 10, 13, 14, 16, 17, 18, 19, 20, 21, 24, 25, 27, 28, 29, 31, 41, 57, 108], "summary": {"covered_lines": 20, "num_statements": 20, "percent_covered": 100.0, "percent_covered_display": "100", "missing_lines": 0, "excluded_lines": 0}, "missing_lines": [], "excluded_lines": []}}, "classes": {"DHCPLease": {"executed_lines": [], "summary": {"covered_lines": 0, "num_statements": 0, "percent_covered": 100.0, "percent_covered_display": "100", "missing_lines": 0, "excluded_lines": 0}, "missing_lines": [], "excluded_lines": []}, "DHCPTool": {"executed_lines": [39, 68, 69, 78, 81, 84, 87, 92], "summary": {"covered_lines": 8, "num_statements": 16, "percent_covered": 50.0, "percent_covered_display": "50", "missing_lines": 8, "excluded_lines": 0}, "missing_lines": [53, 54, 55, 70, 99, 100, 101, 116], "excluded_lines": []}, "": {"executed_lines": [1, 3, 4, 6, 8, 10, 13, 14, 16, 17, 18, 19, 20, 21, 24, 25, 27, 28, 29, 31, 41, 57, 108], "summary": {"covered_lines": 20, "num_statements": 20, "percent_covered": 100.0, "percent_covered_display": "100", "missing_lines": 0, "excluded_lines": 0}, "missing_lines": [], "excluded_lines": []}}}, "opnsense_mcp/tools/dhcp_lease_delete.py": {"executed_lines": [1, 3, 4, 6, 8, 10, 13, 14, 16, 17, 18, 21, 22, 24, 25, 26, 40, 48, 50, 62, 64, 66, 86, 88, 90, 91, 92, 95, 103, 105, 107, 118, 119, 120, 127, 128, 129, 131, 132, 138, 139, 142, 143, 146, 149, 152, 153, 154, 155, 157, 160, 169, 170, 171, 172, 173, 176, 200, 207, 208, 209, 211, 221, 229], "summary": {"covered_lines": 61, "num_statements": 74, "percent_covered": 82.43243243243244, "percent_covered_display": "82", "missing_lines": 13, "excluded_lines": 0}, "missing_lines": [177, 178, 179, 181, 184, 193, 194, 195, 196, 197, 213, 214, 215], "excluded_lines": [], "functions": {"DHCPLeaseDeleteTool.__init__": {"executed_lines": [48], "summary": {"covered_lines": 1, "num_statements": 1, "percent_covered": 100.0, "percent_covered_display": "100", "missing_lines": 0, "excluded_lines": 0}, "missing_lines": [], "excluded_lines": []}, "DHCPLeaseDeleteTool._normalize_mac": {"executed_lines": [62, 64], "summary": {"covered_lines": 2, "num_statements": 2, "percent_covered": 100.0, "percent_covered_display": "100", "missing_lines": 0, "excluded_lines": 0}, "missing_lines": [], "excluded_lines": []}, "DHCPLeaseDeleteTool._find_lease_by_criteria": {"executed_lines": [86, 88, 90, 91, 92, 95, 103, 105], "summary": {"covered_lines": 8, "num_statements": 8, "percent_covered": 100.0, "percent_covered_display": "100", "missing_lines": 0, "excluded_lines": 0}, "missing_lines": [], "excluded_lines": []}, "DHCPLeaseDeleteTool.execute": {"executed_lines": [118, 119, 120, 127, 128, 129, 131, 132, 138, 139, 142, 143, 146, 149, 152, 153, 154, 155, 157, 160, 169, 170, 171, 172, 173, 176, 200, 207, 208, 209, 211], "summary": {"covered_lines": 31, "num_statements": 44, "percent_covered": 70.45454545454545, "percent_covered_display": "70", "missing_lines": 13, "excluded_lines": 0}, "missing_lines": [177, 178, 179, 181, 184, 193, 194, 195, 196, 197, 213, 214, 215], "excluded_lines": []}, "DHCPLeaseDeleteTool._get_dummy_data": {"executed_lines": [229], "summary": {"covered_lines": 1, "num_statements": 1, "percent_covered": 100.0, "percent_covered_display": "100", "missing_lines": 0, "excluded_lines": 0}, "missing_lines": [], "excluded_lines": []}, "": {"executed_lines": [1, 3, 4, 6, 8, 10, 13, 14, 16, 17, 18, 21, 22, 24, 25, 26, 40, 50, 66, 107, 221], "summary": {"covered_lines": 18, "num_statements": 18, "percent_covered": 100.0, "percent_covered_display": "100", "missing_lines": 0, "excluded_lines": 0}, "missing_lines": [], "excluded_lines": []}}, "classes": {"DHCPLeaseDeleteParams": {"executed_lines": [], "summary": {"covered_lines": 0, "num_statements": 0, "percent_covered": 100.0, "percent_covered_display": "100", "missing_lines": 0, "excluded_lines": 0}, "missing_lines": [], "excluded_lines": []}, "DHCPLeaseDeleteTool": {"executed_lines": [48, 62, 64, 86, 88, 90, 91, 92, 95, 103, 105, 118, 119, 120, 127, 128, 129, 131, 132, 138, 139, 142, 143, 146, 149, 152, 153, 154, 155, 157, 160, 169, 170, 171, 172, 173, 176, 200, 207, 208, 209, 211, 229], "summary": {"covered_lines": 43, "num_statements": 56, "percent_covered": 76.78571428571429, "percent_covered_display": "77", "missing_lines": 13, "excluded_lines": 0}, "missing_lines": [177, 178, 179, 181, 184, 193, 194, 195, 196, 197, 213, 214, 215], "excluded_lines": []}, "": {"executed_lines": [1, 3, 4, 6, 8, 10, 13, 14, 16, 17, 18, 21, 22, 24, 25, 26, 40, 50, 66, 107, 221], "summary": {"covered_lines": 18, "num_statements": 18, "percent_covered": 100.0, "percent_covered_display": "100", "missing_lines": 0, "excluded_lines": 0}, "missing_lines": [], "excluded_lines": []}}}, "opnsense_mcp/tools/firewall.py": {"executed_lines": [2, 9, 10, 11, 12, 14, 17, 18, 20, 21, 24, 25, 27, 28, 29, 30, 31, 32, 33, 34, 35, 36, 37, 38, 41, 42, 44, 51, 76, 90], "summary": {"covered_lines": 26, "num_statements": 112, "percent_covered": 23.214285714285715, "percent_covered_display": "23", "missing_lines": 86, "excluded_lines": 0}, "missing_lines": [46, 47, 48, 49, 58, 59, 60, 61, 63, 64, 66, 67, 69, 70, 71, 74, 78, 79, 84, 85, 86, 87, 88, 97, 98, 101, 102, 103, 105, 106, 115, 116, 117, 118, 119, 120, 121, 122, 123, 125, 126, 130, 132, 133, 137, 139, 140, 144, 146, 147, 148, 151, 152, 153, 154, 155, 156, 157, 158, 159, 164, 165, 166, 167, 168, 173, 174, 175, 182, 183, 189, 190, 192, 196, 198, 201, 202, 203, 204, 205, 206, 207, 209, 210, 214, 215], "excluded_lines": [], "functions": {"FirewallTool.__init__": {"executed_lines": [], "summary": {"covered_lines": 0, "num_statements": 4, "percent_covered": 0.0, "percent_covered_display": "0", "missing_lines": 4, "excluded_lines": 0}, "missing_lines": [46, 47, 48, 49], "excluded_lines": []}, "FirewallTool._resolve_interface_name": {"executed_lines": [], "summary": {"covered_lines": 0, "num_statements": 12, "percent_covered": 0.0, "percent_covered_display": "0", "missing_lines": 12, "excluded_lines": 0}, "missing_lines": [58, 59, 60, 61, 63, 64, 66, 67, 69, 70, 71, 74], "excluded_lines": []}, "FirewallTool._get_cached_logs": {"executed_lines": [], "summary": {"covered_lines": 0, "num_statements": 7, "percent_covered": 0.0, "percent_covered_display": "0", "missing_lines": 7, "excluded_lines": 0}, "missing_lines": [78, 79, 84, 85, 86, 87, 88], "excluded_lines": []}, "FirewallTool.execute": {"executed_lines": [], "summary": {"covered_lines": 0, "num_statements": 63, "percent_covered": 0.0, "percent_covered_display": "0", "missing_lines": 63, "excluded_lines": 0}, "missing_lines": [97, 98, 101, 102, 103, 105, 106, 115, 116, 117, 118, 119, 120, 121, 122, 123, 125, 126, 130, 132, 133, 137, 139, 140, 144, 146, 147, 148, 151, 152, 153, 154, 155, 156, 157, 158, 159, 164, 165, 166, 167, 168, 173, 174, 175, 182, 183, 189, 190, 192, 196, 198, 201, 202, 203, 204, 205, 206, 207, 209, 210, 214, 215], "excluded_lines": []}, "": {"executed_lines": [2, 9, 10, 11, 12, 14, 17, 18, 20, 21, 24, 25, 27, 28, 29, 30, 31, 32, 33, 34, 35, 36, 37, 38, 41, 42, 44, 51, 76, 90], "summary": {"covered_lines": 26, "num_statements": 26, "percent_covered": 100.0, "percent_covered_display": "100", "missing_lines": 0, "excluded_lines": 0}, "missing_lines": [], "excluded_lines": []}}, "classes": {"FirewallEndpoint": {"executed_lines": [], "summary": {"covered_lines": 0, "num_statements": 0, "percent_covered": 100.0, "percent_covered_display": "100", "missing_lines": 0, "excluded_lines": 0}, "missing_lines": [], "excluded_lines": []}, "FirewallRule": {"executed_lines": [], "summary": {"covered_lines": 0, "num_statements": 0, "percent_covered": 100.0, "percent_covered_display": "100", "missing_lines": 0, "excluded_lines": 0}, "missing_lines": [], "excluded_lines": []}, "FirewallTool": {"executed_lines": [], "summary": {"covered_lines": 0, "num_statements": 86, "percent_covered": 0.0, "percent_covered_display": "0", "missing_lines": 86, "excluded_lines": 0}, "missing_lines": [46, 47, 48, 49, 58, 59, 60, 61, 63, 64, 66, 67, 69, 70, 71, 74, 78, 79, 84, 85, 86, 87, 88, 97, 98, 101, 102, 103, 105, 106, 115, 116, 117, 118, 119, 120, 121, 122, 123, 125, 126, 130, 132, 133, 137, 139, 140, 144, 146, 147, 148, 151, 152, 153, 154, 155, 156, 157, 158, 159, 164, 165, 166, 167, 168, 173, 174, 175, 182, 183, 189, 190, 192, 196, 198, 201, 202, 203, 204, 205, 206, 207, 209, 210, 214, 215], "excluded_lines": []}, "": {"executed_lines": [2, 9, 10, 11, 12, 14, 17, 18, 20, 21, 24, 25, 27, 28, 29, 30, 31, 32, 33, 34, 35, 36, 37, 38, 41, 42, 44, 51, 76, 90], "summary": {"covered_lines": 26, "num_statements": 26, "percent_covered": 100.0, "percent_covered_display": "100", "missing_lines": 0, "excluded_lines": 0}, "missing_lines": [], "excluded_lines": []}}}, "opnsense_mcp/tools/firewall_logs.py": {"executed_lines": [2, 4, 5, 7, 9, 12, 13, 15, 24, 26, 50, 51, 56, 58, 59, 61, 63, 69, 75, 77, 95, 110, 121, 122, 123, 124, 125, 127, 129, 130, 132, 133, 136, 137, 140, 141, 144, 145, 148, 149, 153, 162, 177, 178, 187, 188, 189, 190, 191, 194, 203, 205], "summary": {"covered_lines": 50, "num_statements": 64, "percent_covered": 78.125, "percent_covered_display": "78", "missing_lines": 14, "excluded_lines": 0}, "missing_lines": [52, 53, 60, 62, 68, 71, 72, 73, 93, 111, 179, 219, 220, 221], "excluded_lines": [], "functions": {"FirewallLogsTool.__init__": {"executed_lines": [24], "summary": {"covered_lines": 1, "num_statements": 1, "percent_covered": 100.0, "percent_covered_display": "100", "missing_lines": 0, "excluded_lines": 0}, "missing_lines": [], "excluded_lines": []}, "FirewallLogsTool.get_firewall_logs": {"executed_lines": [50, 51, 56, 58, 75], "summary": {"covered_lines": 5, "num_statements": 10, "percent_covered": 50.0, "percent_covered_display": "50", "missing_lines": 5, "excluded_lines": 0}, "missing_lines": [52, 53, 71, 72, 73], "excluded_lines": []}, "FirewallLogsTool.get_firewall_logs.match": {"executed_lines": [59, 61, 63, 69], "summary": {"covered_lines": 4, "num_statements": 7, "percent_covered": 57.142857142857146, "percent_covered_display": "57", "missing_lines": 3, "excluded_lines": 0}, "missing_lines": [60, 62, 68], "excluded_lines": []}, "FirewallLogsTool.get_logs": {"executed_lines": [], "summary": {"covered_lines": 0, "num_statements": 1, "percent_covered": 0.0, "percent_covered_display": "0", "missing_lines": 1, "excluded_lines": 0}, "missing_lines": [93], "excluded_lines": []}, "FirewallLogsTool.analyze_logs": {"executed_lines": [110, 121, 122, 123, 124, 125, 127, 129, 130, 132, 133, 136, 137, 140, 141, 144, 145, 148, 149, 153], "summary": {"covered_lines": 20, "num_statements": 21, "percent_covered": 95.23809523809524, "percent_covered_display": "95", "missing_lines": 1, "excluded_lines": 0}, "missing_lines": [111], "excluded_lines": []}, "FirewallLogsTool.execute": {"executed_lines": [177, 178, 187, 188, 189, 190, 191, 194, 203, 205], "summary": {"covered_lines": 10, "num_statements": 14, "percent_covered": 71.42857142857143, "percent_covered_display": "71", "missing_lines": 4, "excluded_lines": 0}, "missing_lines": [179, 219, 220, 221], "excluded_lines": []}, "": {"executed_lines": [2, 4, 5, 7, 9, 12, 13, 15, 26, 77, 95, 162], "summary": {"covered_lines": 10, "num_statements": 10, "percent_covered": 100.0, "percent_covered_display": "100", "missing_lines": 0, "excluded_lines": 0}, "missing_lines": [], "excluded_lines": []}}, "classes": {"FirewallLogsTool": {"executed_lines": [24, 50, 51, 56, 58, 59, 61, 63, 69, 75, 110, 121, 122, 123, 124, 125, 127, 129, 130, 132, 133, 136, 137, 140, 141, 144, 145, 148, 149, 153, 177, 178, 187, 188, 189, 190, 191, 194, 203, 205], "summary": {"covered_lines": 40, "num_statements": 54, "percent_covered": 74.07407407407408, "percent_covered_display": "74", "missing_lines": 14, "excluded_lines": 0}, "missing_lines": [52, 53, 60, 62, 68, 71, 72, 73, 93, 111, 179, 219, 220, 221], "excluded_lines": []}, "": {"executed_lines": [2, 4, 5, 7, 9, 12, 13, 15, 26, 77, 95, 162], "summary": {"covered_lines": 10, "num_statements": 10, "percent_covered": 100.0, "percent_covered_display": "100", "missing_lines": 0, "excluded_lines": 0}, "missing_lines": [], "excluded_lines": []}}}, "opnsense_mcp/tools/fw_rules.py": {"executed_lines": [1, 3, 4, 6, 8, 10, 13, 14, 16, 17, 20, 21, 23, 24, 25, 26, 27, 28, 29, 30, 31, 32, 33, 34, 35, 36, 39, 40, 42, 50, 51, 53, 89, 120, 160, 168, 169, 170, 174, 204, 205, 206, 210, 247, 268, 291, 307, 318, 321, 322, 331, 334, 337, 343, 349, 355, 360], "summary": {"covered_lines": 53, "num_statements": 124, "percent_covered": 42.74193548387097, "percent_covered_display": "43", "missing_lines": 71, "excluded_lines": 0}, "missing_lines": [61, 62, 64, 66, 70, 71, 72, 73, 81, 83, 84, 85, 87, 97, 99, 103, 104, 105, 106, 114, 115, 116, 118, 133, 134, 137, 138, 140, 143, 144, 145, 146, 149, 150, 151, 152, 155, 156, 158, 176, 177, 178, 179, 208, 226, 227, 230, 232, 233, 234, 237, 238, 242, 243, 245, 261, 262, 264, 282, 283, 285, 305, 319, 323, 338, 344, 350, 356, 373, 374, 375], "excluded_lines": [], "functions": {"FwRulesTool.__init__": {"executed_lines": [50, 51], "summary": {"covered_lines": 2, "num_statements": 2, "percent_covered": 100.0, "percent_covered_display": "100", "missing_lines": 0, "excluded_lines": 0}, "missing_lines": [], "excluded_lines": []}, "FwRulesTool._get_interface_groups": {"executed_lines": [], "summary": {"covered_lines": 0, "num_statements": 13, "percent_covered": 0.0, "percent_covered_display": "0", "missing_lines": 13, "excluded_lines": 0}, "missing_lines": [61, 62, 64, 66, 70, 71, 72, 73, 81, 83, 84, 85, 87], "excluded_lines": []}, "FwRulesTool._get_interface_aliases": {"executed_lines": [], "summary": {"covered_lines": 0, "num_statements": 10, "percent_covered": 0.0, "percent_covered_display": "0", "missing_lines": 10, "excluded_lines": 0}, "missing_lines": [97, 99, 103, 104, 105, 106, 114, 115, 116, 118], "excluded_lines": []}, "FwRulesTool._resolve_interface_name": {"executed_lines": [], "summary": {"covered_lines": 0, "num_statements": 16, "percent_covered": 0.0, "percent_covered_display": "0", "missing_lines": 16, "excluded_lines": 0}, "missing_lines": [133, 134, 137, 138, 140, 143, 144, 145, 146, 149, 150, 151, 152, 155, 156, 158], "excluded_lines": []}, "FwRulesTool._get_rules": {"executed_lines": [168, 169, 170, 174, 204, 205, 206], "summary": {"covered_lines": 7, "num_statements": 12, "percent_covered": 58.333333333333336, "percent_covered_display": "58", "missing_lines": 5, "excluded_lines": 0}, "missing_lines": [176, 177, 178, 179, 208], "excluded_lines": []}, "FwRulesTool._filter_rules_by_interface": {"executed_lines": [], "summary": {"covered_lines": 0, "num_statements": 11, "percent_covered": 0.0, "percent_covered_display": "0", "missing_lines": 11, "excluded_lines": 0}, "missing_lines": [226, 227, 230, 232, 233, 234, 237, 238, 242, 243, 245], "excluded_lines": []}, "FwRulesTool._filter_rules_by_action": {"executed_lines": [], "summary": {"covered_lines": 0, "num_statements": 3, "percent_covered": 0.0, "percent_covered_display": "0", "missing_lines": 3, "excluded_lines": 0}, "missing_lines": [261, 262, 264], "excluded_lines": []}, "FwRulesTool._filter_rules_by_protocol": {"executed_lines": [], "summary": {"covered_lines": 0, "num_statements": 3, "percent_covered": 0.0, "percent_covered_display": "0", "missing_lines": 3, "excluded_lines": 0}, "missing_lines": [282, 283, 285], "excluded_lines": []}, "FwRulesTool._filter_rules_by_enabled": {"executed_lines": [], "summary": {"covered_lines": 0, "num_statements": 1, "percent_covered": 0.0, "percent_covered_display": "0", "missing_lines": 1, "excluded_lines": 0}, "missing_lines": [305], "excluded_lines": []}, "FwRulesTool.execute": {"executed_lines": [318, 321, 322, 331, 334, 337, 343, 349, 355, 360], "summary": {"covered_lines": 10, "num_statements": 19, "percent_covered": 52.63157894736842, "percent_covered_display": "53", "missing_lines": 9, "excluded_lines": 0}, "missing_lines": [319, 323, 338, 344, 350, 356, 373, 374, 375], "excluded_lines": []}, "": {"executed_lines": [1, 3, 4, 6, 8, 10, 13, 14, 16, 17, 20, 21, 23, 24, 25, 26, 27, 28, 29, 30, 31, 32, 33, 34, 35, 36, 39, 40, 42, 53, 89, 120, 160, 210, 247, 268, 291, 307], "summary": {"covered_lines": 34, "num_statements": 34, "percent_covered": 100.0, "percent_covered_display": "100", "missing_lines": 0, "excluded_lines": 0}, "missing_lines": [], "excluded_lines": []}}, "classes": {"FirewallEndpoint": {"executed_lines": [], "summary": {"covered_lines": 0, "num_statements": 0, "percent_covered": 100.0, "percent_covered_display": "100", "missing_lines": 0, "excluded_lines": 0}, "missing_lines": [], "excluded_lines": []}, "FirewallRule": {"executed_lines": [], "summary": {"covered_lines": 0, "num_statements": 0, "percent_covered": 100.0, "percent_covered_display": "100", "missing_lines": 0, "excluded_lines": 0}, "missing_lines": [], "excluded_lines": []}, "FwRulesTool": {"executed_lines": [50, 51, 168, 169, 170, 174, 204, 205, 206, 318, 321, 322, 331, 334, 337, 343, 349, 355, 360], "summary": {"covered_lines": 19, "num_statements": 90, "percent_covered": 21.11111111111111, "percent_covered_display": "21", "missing_lines": 71, "excluded_lines": 0}, "missing_lines": [61, 62, 64, 66, 70, 71, 72, 73, 81, 83, 84, 85, 87, 97, 99, 103, 104, 105, 106, 114, 115, 116, 118, 133, 134, 137, 138, 140, 143, 144, 145, 146, 149, 150, 151, 152, 155, 156, 158, 176, 177, 178, 179, 208, 226, 227, 230, 232, 233, 234, 237, 238, 242, 243, 245, 261, 262, 264, 282, 283, 285, 305, 319, 323, 338, 344, 350, 356, 373, 374, 375], "excluded_lines": []}, "": {"executed_lines": [1, 3, 4, 6, 8, 10, 13, 14, 16, 17, 20, 21, 23, 24, 25, 26, 27, 28, 29, 30, 31, 32, 33, 34, 35, 36, 39, 40, 42, 53, 89, 120, 160, 210, 247, 268, 291, 307], "summary": {"covered_lines": 34, "num_statements": 34, "percent_covered": 100.0, "percent_covered_display": "100", "missing_lines": 0, "excluded_lines": 0}, "missing_lines": [], "excluded_lines": []}}}, "opnsense_mcp/tools/get_logs.py": {"executed_lines": [2, 4, 5, 6, 7, 8, 10, 12, 14, 17, 18, 20, 21, 22, 23, 24, 25, 26, 27, 28, 29, 32, 33, 35, 36, 37, 38, 39, 40, 43, 44, 46, 60, 188, 238, 245, 291, 335], "summary": {"covered_lines": 34, "num_statements": 116, "percent_covered": 29.310344827586206, "percent_covered_display": "29", "missing_lines": 82, "excluded_lines": 0}, "missing_lines": [55, 56, 57, 58, 82, 88, 90, 103, 104, 106, 107, 108, 110, 111, 114, 116, 117, 120, 121, 122, 123, 135, 138, 139, 143, 144, 145, 149, 150, 151, 155, 156, 157, 161, 163, 165, 166, 167, 169, 170, 176, 177, 178, 180, 181, 182, 184, 185, 186, 193, 195, 205, 206, 207, 209, 221, 222, 224, 235, 236, 240, 241, 242, 243, 254, 255, 265, 268, 269, 272, 279, 280, 282, 306, 307, 309, 311, 321, 323, 329, 330, 331], "excluded_lines": [], "functions": {"GetLogsTool.__init__": {"executed_lines": [], "summary": {"covered_lines": 0, "num_statements": 4, "percent_covered": 0.0, "percent_covered_display": "0", "missing_lines": 4, "excluded_lines": 0}, "missing_lines": [55, 56, 57, 58], "excluded_lines": []}, "GetLogsTool.get_logs": {"executed_lines": [], "summary": {"covered_lines": 0, "num_statements": 44, "percent_covered": 0.0, "percent_covered_display": "0", "missing_lines": 44, "excluded_lines": 0}, "missing_lines": [82, 88, 103, 104, 106, 107, 108, 110, 111, 114, 116, 117, 120, 121, 122, 123, 135, 138, 139, 143, 144, 145, 149, 150, 151, 155, 156, 157, 161, 163, 165, 166, 167, 169, 170, 176, 177, 178, 180, 181, 182, 184, 185, 186], "excluded_lines": []}, "GetLogsTool.get_logs.normalize_log": {"executed_lines": [], "summary": {"covered_lines": 0, "num_statements": 1, "percent_covered": 0.0, "percent_covered_display": "0", "missing_lines": 1, "excluded_lines": 0}, "missing_lines": [90], "excluded_lines": []}, "GetLogsTool._parse_log_line": {"executed_lines": [], "summary": {"covered_lines": 0, "num_statements": 11, "percent_covered": 0.0, "percent_covered_display": "0", "missing_lines": 11, "excluded_lines": 0}, "missing_lines": [193, 195, 205, 206, 207, 209, 221, 222, 224, 235, 236], "excluded_lines": []}, "GetLogsTool._split_ip_port": {"executed_lines": [], "summary": {"covered_lines": 0, "num_statements": 4, "percent_covered": 0.0, "percent_covered_display": "0", "missing_lines": 4, "excluded_lines": 0}, "missing_lines": [240, 241, 242, 243], "excluded_lines": []}, "GetLogsTool.get_log_summary": {"executed_lines": [], "summary": {"covered_lines": 0, "num_statements": 9, "percent_covered": 0.0, "percent_covered_display": "0", "missing_lines": 9, "excluded_lines": 0}, "missing_lines": [254, 255, 265, 268, 269, 272, 279, 280, 282], "excluded_lines": []}, "GetLogsTool.execute": {"executed_lines": [], "summary": {"covered_lines": 0, "num_statements": 9, "percent_covered": 0.0, "percent_covered_display": "0", "missing_lines": 9, "excluded_lines": 0}, "missing_lines": [306, 307, 309, 311, 321, 323, 329, 330, 331], "excluded_lines": []}, "": {"executed_lines": [2, 4, 5, 6, 7, 8, 10, 12, 14, 17, 18, 20, 21, 22, 23, 24, 25, 26, 27, 28, 29, 32, 33, 35, 36, 37, 38, 39, 40, 43, 44, 46, 60, 188, 238, 245, 291, 335], "summary": {"covered_lines": 34, "num_statements": 34, "percent_covered": 100.0, "percent_covered_display": "100", "missing_lines": 0, "excluded_lines": 0}, "missing_lines": [], "excluded_lines": []}}, "classes": {"FirewallLogEntry": {"executed_lines": [], "summary": {"covered_lines": 0, "num_statements": 0, "percent_covered": 100.0, "percent_covered_display": "100", "missing_lines": 0, "excluded_lines": 0}, "missing_lines": [], "excluded_lines": []}, "FirewallLogSummary": {"executed_lines": [], "summary": {"covered_lines": 0, "num_statements": 0, "percent_covered": 100.0, "percent_covered_display": "100", "missing_lines": 0, "excluded_lines": 0}, "missing_lines": [], "excluded_lines": []}, "GetLogsTool": {"executed_lines": [], "summary": {"covered_lines": 0, "num_statements": 82, "percent_covered": 0.0, "percent_covered_display": "0", "missing_lines": 82, "excluded_lines": 0}, "missing_lines": [55, 56, 57, 58, 82, 88, 90, 103, 104, 106, 107, 108, 110, 111, 114, 116, 117, 120, 121, 122, 123, 135, 138, 139, 143, 144, 145, 149, 150, 151, 155, 156, 157, 161, 163, 165, 166, 167, 169, 170, 176, 177, 178, 180, 181, 182, 184, 185, 186, 193, 195, 205, 206, 207, 209, 221, 222, 224, 235, 236, 240, 241, 242, 243, 254, 255, 265, 268, 269, 272, 279, 280, 282, 306, 307, 309, 311, 321, 323, 329, 330, 331], "excluded_lines": []}, "": {"executed_lines": [2, 4, 5, 6, 7, 8, 10, 12, 14, 17, 18, 20, 21, 22, 23, 24, 25, 26, 27, 28, 29, 32, 33, 35, 36, 37, 38, 39, 40, 43, 44, 46, 60, 188, 238, 245, 291, 335], "summary": {"covered_lines": 34, "num_statements": 34, "percent_covered": 100.0, "percent_covered_display": "100", "missing_lines": 0, "excluded_lines": 0}, "missing_lines": [], "excluded_lines": []}}}, "opnsense_mcp/tools/interface.py": {"executed_lines": [1, 3, 4, 6, 8, 11, 12, 14, 22, 24, 32, 33, 37, 43, 45, 53, 54, 64, 66, 74, 75, 80, 86, 94, 95, 100, 106, 117, 118, 122, 123, 124, 125, 127], "summary": {"covered_lines": 32, "num_statements": 52, "percent_covered": 61.53846153846154, "percent_covered_display": "62", "missing_lines": 20, "excluded_lines": 0}, "missing_lines": [34, 39, 40, 41, 55, 60, 61, 62, 76, 82, 83, 84, 96, 102, 103, 104, 119, 135, 136, 137], "excluded_lines": [], "functions": {"InterfaceTool.__init__": {"executed_lines": [22], "summary": {"covered_lines": 1, "num_statements": 1, "percent_covered": 100.0, "percent_covered_display": "100", "missing_lines": 0, "excluded_lines": 0}, "missing_lines": [], "excluded_lines": []}, "InterfaceTool.get_interface_status": {"executed_lines": [32, 33, 37, 43], "summary": {"covered_lines": 4, "num_statements": 8, "percent_covered": 50.0, "percent_covered_display": "50", "missing_lines": 4, "excluded_lines": 0}, "missing_lines": [34, 39, 40, 41], "excluded_lines": []}, "InterfaceTool.get_interface_statistics": {"executed_lines": [53, 54, 64], "summary": {"covered_lines": 3, "num_statements": 7, "percent_covered": 42.857142857142854, "percent_covered_display": "43", "missing_lines": 4, "excluded_lines": 0}, "missing_lines": [55, 60, 61, 62], "excluded_lines": []}, "InterfaceTool.get_interface_configuration": {"executed_lines": [74, 75, 80], "summary": {"covered_lines": 3, "num_statements": 7, "percent_covered": 42.857142857142854, "percent_covered_display": "43", "missing_lines": 4, "excluded_lines": 0}, "missing_lines": [76, 82, 83, 84], "excluded_lines": []}, "InterfaceTool.get_interface_overview": {"executed_lines": [94, 95, 100], "summary": {"covered_lines": 3, "num_statements": 7, "percent_covered": 42.857142857142854, "percent_covered_display": "43", "missing_lines": 4, "excluded_lines": 0}, "missing_lines": [96, 102, 103, 104], "excluded_lines": []}, "InterfaceTool.execute": {"executed_lines": [117, 118, 122, 123, 124, 125, 127], "summary": {"covered_lines": 7, "num_statements": 11, "percent_covered": 63.63636363636363, "percent_covered_display": "64", "missing_lines": 4, "excluded_lines": 0}, "missing_lines": [119, 135, 136, 137], "excluded_lines": []}, "": {"executed_lines": [1, 3, 4, 6, 8, 11, 12, 14, 24, 45, 66, 86, 106], "summary": {"covered_lines": 11, "num_statements": 11, "percent_covered": 100.0, "percent_covered_display": "100", "missing_lines": 0, "excluded_lines": 0}, "missing_lines": [], "excluded_lines": []}}, "classes": {"InterfaceTool": {"executed_lines": [22, 32, 33, 37, 43, 53, 54, 64, 74, 75, 80, 94, 95, 100, 117, 118, 122, 123, 124, 125, 127], "summary": {"covered_lines": 21, "num_statements": 41, "percent_covered": 51.21951219512195, "percent_covered_display": "51", "missing_lines": 20, "excluded_lines": 0}, "missing_lines": [34, 39, 40, 41, 55, 60, 61, 62, 76, 82, 83, 84, 96, 102, 103, 104, 119, 135, 136, 137], "excluded_lines": []}, "": {"executed_lines": [1, 3, 4, 6, 8, 11, 12, 14, 24, 45, 66, 86, 106], "summary": {"covered_lines": 11, "num_statements": 11, "percent_covered": 100.0, "percent_covered_display": "100", "missing_lines": 0, "excluded_lines": 0}, "missing_lines": [], "excluded_lines": []}}}, "opnsense_mcp/tools/interface_list.py": {"executed_lines": [1, 3, 4, 6, 8, 11, 12, 14, 22, 24, 74, 88, 89, 91, 92, 98, 99, 100, 116, 117, 119, 120, 121, 122, 123, 126, 141, 148, 151], "summary": {"covered_lines": 27, "num_statements": 83, "percent_covered": 32.53012048192771, "percent_covered_display": "33", "missing_lines": 56, "excluded_lines": 0}, "missing_lines": [32, 34, 35, 36, 37, 40, 41, 44, 45, 47, 49, 50, 51, 52, 53, 55, 56, 57, 58, 59, 61, 62, 63, 64, 65, 66, 67, 68, 69, 70, 71, 72, 93, 103, 105, 106, 111, 112, 113, 114, 115, 124, 125, 128, 132, 133, 134, 135, 138, 139, 140, 149, 150, 152, 153, 154], "excluded_lines": [], "functions": {"InterfaceListTool.__init__": {"executed_lines": [22], "summary": {"covered_lines": 1, "num_statements": 1, "percent_covered": 100.0, "percent_covered_display": "100", "missing_lines": 0, "excluded_lines": 0}, "missing_lines": [], "excluded_lines": []}, "InterfaceListTool.resolve_logical_name": {"executed_lines": [], "summary": {"covered_lines": 0, "num_statements": 32, "percent_covered": 0.0, "percent_covered_display": "0", "missing_lines": 32, "excluded_lines": 0}, "missing_lines": [32, 34, 35, 36, 37, 40, 41, 44, 45, 47, 49, 50, 51, 52, 53, 55, 56, 57, 58, 59, 61, 62, 63, 64, 65, 66, 67, 68, 69, 70, 71, 72], "excluded_lines": []}, "InterfaceListTool.execute": {"executed_lines": [88, 89, 91, 92, 98, 99, 100, 116, 117, 119, 120, 121, 122, 123, 126, 141, 148, 151], "summary": {"covered_lines": 18, "num_statements": 42, "percent_covered": 42.857142857142854, "percent_covered_display": "43", "missing_lines": 24, "excluded_lines": 0}, "missing_lines": [93, 103, 105, 106, 111, 112, 113, 114, 115, 124, 125, 128, 132, 133, 134, 135, 138, 139, 140, 149, 150, 152, 153, 154], "excluded_lines": []}, "": {"executed_lines": [1, 3, 4, 6, 8, 11, 12, 14, 24, 74], "summary": {"covered_lines": 8, "num_statements": 8, "percent_covered": 100.0, "percent_covered_display": "100", "missing_lines": 0, "excluded_lines": 0}, "missing_lines": [], "excluded_lines": []}}, "classes": {"InterfaceListTool": {"executed_lines": [22, 88, 89, 91, 92, 98, 99, 100, 116, 117, 119, 120, 121, 122, 123, 126, 141, 148, 151], "summary": {"covered_lines": 19, "num_statements": 75, "percent_covered": 25.333333333333332, "percent_covered_display": "25", "missing_lines": 56, "excluded_lines": 0}, "missing_lines": [32, 34, 35, 36, 37, 40, 41, 44, 45, 47, 49, 50, 51, 52, 53, 55, 56, 57, 58, 59, 61, 62, 63, 64, 65, 66, 67, 68, 69, 70, 71, 72, 93, 103, 105, 106, 111, 112, 113, 114, 115, 124, 125, 128, 132, 133, 134, 135, 138, 139, 140, 149, 150, 152, 153, 154], "excluded_lines": []}, "": {"executed_lines": [1, 3, 4, 6, 8, 11, 12, 14, 24, 74], "summary": {"covered_lines": 8, "num_statements": 8, "percent_covered": 100.0, "percent_covered_display": "100", "missing_lines": 0, "excluded_lines": 0}, "missing_lines": [], "excluded_lines": []}}}, "opnsense_mcp/tools/lldp.py": {"executed_lines": [1, 3, 4, 6, 8, 10, 13, 14, 16, 17, 18, 19, 20, 21, 22, 23, 26, 27, 29, 30, 31, 33, 41, 43, 54, 55, 62, 64, 65, 66], "summary": {"covered_lines": 27, "num_statements": 29, "percent_covered": 93.10344827586206, "percent_covered_display": "93", "missing_lines": 2, "excluded_lines": 0}, "missing_lines": [56, 63], "excluded_lines": [], "functions": {"LLDPTool.__init__": {"executed_lines": [41], "summary": {"covered_lines": 1, "num_statements": 1, "percent_covered": 100.0, "percent_covered_display": "100", "missing_lines": 0, "excluded_lines": 0}, "missing_lines": [], "excluded_lines": []}, "LLDPTool.execute": {"executed_lines": [54, 55, 62, 64, 65, 66], "summary": {"covered_lines": 6, "num_statements": 8, "percent_covered": 75.0, "percent_covered_display": "75", "missing_lines": 2, "excluded_lines": 0}, "missing_lines": [56, 63], "excluded_lines": []}, "": {"executed_lines": [1, 3, 4, 6, 8, 10, 13, 14, 16, 17, 18, 19, 20, 21, 22, 23, 26, 27, 29, 30, 31, 33, 43], "summary": {"covered_lines": 20, "num_statements": 20, "percent_covered": 100.0, "percent_covered_display": "100", "missing_lines": 0, "excluded_lines": 0}, "missing_lines": [], "excluded_lines": []}}, "classes": {"LLDPEntry": {"executed_lines": [], "summary": {"covered_lines": 0, "num_statements": 0, "percent_covered": 100.0, "percent_covered_display": "100", "missing_lines": 0, "excluded_lines": 0}, "missing_lines": [], "excluded_lines": []}, "LLDPTool": {"executed_lines": [41, 54, 55, 62, 64, 65, 66], "summary": {"covered_lines": 7, "num_statements": 9, "percent_covered": 77.77777777777777, "percent_covered_display": "78", "missing_lines": 2, "excluded_lines": 0}, "missing_lines": [56, 63], "excluded_lines": []}, "": {"executed_lines": [1, 3, 4, 6, 8, 10, 13, 14, 16, 17, 18, 19, 20, 21, 22, 23, 26, 27, 29, 30, 31, 33, 43], "summary": {"covered_lines": 20, "num_statements": 20, "percent_covered": 100.0, "percent_covered_display": "100", "missing_lines": 0, "excluded_lines": 0}, "missing_lines": [], "excluded_lines": []}}}, "opnsense_mcp/tools/mkfw_rule.py": {"executed_lines": [1, 3, 4, 6, 8, 10, 13, 14, 16, 17, 18, 19, 20, 21, 22, 23, 24, 25, 26, 27, 29, 30, 31, 47, 48, 49, 65, 66, 67, 83, 96, 97, 99, 100, 101, 121, 129, 131], "summary": {"covered_lines": 35, "num_statements": 74, "percent_covered": 47.2972972972973, "percent_covered_display": "47", "missing_lines": 39, "excluded_lines": 0}, "missing_lines": [42, 43, 44, 45, 60, 61, 62, 63, 78, 79, 80, 81, 85, 88, 89, 90, 91, 93, 142, 143, 145, 146, 148, 150, 153, 154, 160, 161, 167, 170, 173, 174, 176, 177, 178, 187, 200, 201, 202], "excluded_lines": [], "functions": {"FirewallRuleSpec.validate_action": {"executed_lines": [], "summary": {"covered_lines": 0, "num_statements": 4, "percent_covered": 0.0, "percent_covered_display": "0", "missing_lines": 4, "excluded_lines": 0}, "missing_lines": [42, 43, 44, 45], "excluded_lines": []}, "FirewallRuleSpec.validate_direction": {"executed_lines": [], "summary": {"covered_lines": 0, "num_statements": 4, "percent_covered": 0.0, "percent_covered_display": "0", "missing_lines": 4, "excluded_lines": 0}, "missing_lines": [60, 61, 62, 63], "excluded_lines": []}, "FirewallRuleSpec.validate_ipprotocol": {"executed_lines": [], "summary": {"covered_lines": 0, "num_statements": 4, "percent_covered": 0.0, "percent_covered_display": "0", "missing_lines": 4, "excluded_lines": 0}, "missing_lines": [78, 79, 80, 81], "excluded_lines": []}, "FirewallRuleSpec.model_dump": {"executed_lines": [], "summary": {"covered_lines": 0, "num_statements": 6, "percent_covered": 0.0, "percent_covered_display": "0", "missing_lines": 6, "excluded_lines": 0}, "missing_lines": [85, 88, 89, 90, 91, 93], "excluded_lines": []}, "MkfwRuleTool.__init__": {"executed_lines": [129], "summary": {"covered_lines": 1, "num_statements": 1, "percent_covered": 100.0, "percent_covered_display": "100", "missing_lines": 0, "excluded_lines": 0}, "missing_lines": [], "excluded_lines": []}, "MkfwRuleTool.execute": {"executed_lines": [], "summary": {"covered_lines": 0, "num_statements": 21, "percent_covered": 0.0, "percent_covered_display": "0", "missing_lines": 21, "excluded_lines": 0}, "missing_lines": [142, 143, 145, 146, 148, 150, 153, 154, 160, 161, 167, 170, 173, 174, 176, 177, 178, 187, 200, 201, 202], "excluded_lines": []}, "": {"executed_lines": [1, 3, 4, 6, 8, 10, 13, 14, 16, 17, 18, 19, 20, 21, 22, 23, 24, 25, 26, 27, 29, 30, 31, 47, 48, 49, 65, 66, 67, 83, 96, 97, 99, 100, 101, 121, 131], "summary": {"covered_lines": 34, "num_statements": 34, "percent_covered": 100.0, "percent_covered_display": "100", "missing_lines": 0, "excluded_lines": 0}, "missing_lines": [], "excluded_lines": []}}, "classes": {"FirewallRuleSpec": {"executed_lines": [], "summary": {"covered_lines": 0, "num_statements": 18, "percent_covered": 0.0, "percent_covered_display": "0", "missing_lines": 18, "excluded_lines": 0}, "missing_lines": [42, 43, 44, 45, 60, 61, 62, 63, 78, 79, 80, 81, 85, 88, 89, 90, 91, 93], "excluded_lines": []}, "MkfwRuleTool": {"executed_lines": [129], "summary": {"covered_lines": 1, "num_statements": 22, "percent_covered": 4.545454545454546, "percent_covered_display": "5", "missing_lines": 21, "excluded_lines": 0}, "missing_lines": [142, 143, 145, 146, 148, 150, 153, 154, 160, 161, 167, 170, 173, 174, 176, 177, 178, 187, 200, 201, 202], "excluded_lines": []}, "": {"executed_lines": [1, 3, 4, 6, 8, 10, 13, 14, 16, 17, 18, 19, 20, 21, 22, 23, 24, 25, 26, 27, 29, 30, 31, 47, 48, 49, 65, 66, 67, 83, 96, 97, 99, 100, 101, 121, 131], "summary": {"covered_lines": 34, "num_statements": 34, "percent_covered": 100.0, "percent_covered_display": "100", "missing_lines": 0, "excluded_lines": 0}, "missing_lines": [], "excluded_lines": []}}}, "opnsense_mcp/tools/optimized_block.py": {"executed_lines": [], "summary": {"covered_lines": 0, "num_statements": 0, "percent_covered": 100.0, "percent_covered_display": "100", "missing_lines": 0, "excluded_lines": 0}, "missing_lines": [], "excluded_lines": [], "functions": {"": {"executed_lines": [], "summary": {"covered_lines": 0, "num_statements": 0, "percent_covered": 100.0, "percent_covered_display": "100", "missing_lines": 0, "excluded_lines": 0}, "missing_lines": [], "excluded_lines": []}}, "classes": {"": {"executed_lines": [], "summary": {"covered_lines": 0, "num_statements": 0, "percent_covered": 100.0, "percent_covered_display": "100", "missing_lines": 0, "excluded_lines": 0}, "missing_lines": [], "excluded_lines": []}}}, "opnsense_mcp/tools/packet_capture.py": {"executed_lines": [1, 2, 3, 4, 5, 6, 7, 9, 10, 12, 15, 16, 18, 25, 28, 29, 41, 42, 43, 44, 45, 46, 47, 50, 54, 55, 56, 57, 64, 65, 66, 67, 68, 76, 78, 79, 82, 83, 88, 90, 95, 99, 100, 106, 107, 108, 109, 114, 115, 116, 122, 123, 125, 126, 127, 129, 136, 138, 139, 142, 143, 148, 150, 155, 160, 161, 167, 168, 175, 176, 177, 178, 184, 187, 188, 203, 209, 215, 310, 571, 591, 613, 615, 618, 621, 622, 625, 627, 628, 630, 633, 645, 848, 851, 854, 857, 859, 874, 877, 880, 881, 882], "summary": {"covered_lines": 101, "num_statements": 380, "percent_covered": 26.57894736842105, "percent_covered_display": "27", "missing_lines": 279, "excluded_lines": 0}, "missing_lines": [30, 31, 32, 33, 34, 35, 36, 37, 38, 39, 58, 59, 60, 61, 62, 74, 97, 101, 102, 103, 117, 118, 119, 124, 157, 169, 170, 171, 172, 204, 205, 206, 207, 220, 221, 223, 224, 226, 228, 229, 230, 231, 232, 233, 241, 242, 243, 244, 247, 248, 249, 250, 251, 252, 259, 260, 261, 262, 263, 264, 265, 266, 267, 271, 272, 273, 277, 278, 279, 280, 281, 282, 283, 284, 285, 288, 289, 290, 291, 292, 293, 294, 295, 296, 297, 298, 299, 303, 304, 305, 306, 307, 308, 325, 327, 329, 330, 333, 334, 335, 336, 337, 338, 344, 345, 346, 347, 352, 360, 361, 362, 367, 368, 371, 372, 376, 384, 385, 387, 389, 390, 392, 393, 395, 397, 398, 399, 405, 406, 407, 418, 419, 420, 434, 436, 447, 448, 449, 450, 451, 452, 453, 454, 455, 465, 466, 474, 476, 477, 478, 479, 492, 493, 494, 503, 504, 505, 518, 520, 529, 530, 531, 532, 533, 534, 535, 536, 538, 539, 541, 542, 543, 553, 554, 563, 573, 574, 575, 576, 577, 578, 579, 583, 584, 585, 593, 594, 595, 596, 597, 598, 599, 600, 605, 606, 607, 634, 648, 649, 650, 651, 654, 659, 665, 666, 667, 674, 675, 682, 683, 690, 691, 692, 693, 694, 701, 702, 703, 704, 705, 706, 711, 712, 713, 720, 721, 722, 723, 727, 728, 733, 734, 735, 742, 752, 754, 755, 756, 757, 758, 759, 760, 761, 767, 768, 775, 777, 778, 779, 780, 781, 782, 783, 784, 785, 790, 796, 797, 804, 806, 807, 808, 809, 810, 811, 812, 813, 814, 815, 820, 826, 827, 834, 835, 837, 838, 839, 842, 890], "excluded_lines": [], "functions": {"PacketCaptureTool2.__init__": {"executed_lines": [25, 28, 29, 41, 42, 43, 44, 45, 46, 47, 50], "summary": {"covered_lines": 11, "num_statements": 21, "percent_covered": 52.38095238095238, "percent_covered_display": "52", "missing_lines": 10, "excluded_lines": 0}, "missing_lines": [30, 31, 32, 33, 34, 35, 36, 37, 38, 39], "excluded_lines": []}, "PacketCaptureTool2._get_ssh_config": {"executed_lines": [55, 56, 57], "summary": {"covered_lines": 3, "num_statements": 8, "percent_covered": 37.5, "percent_covered_display": "38", "missing_lines": 5, "excluded_lines": 0}, "missing_lines": [58, 59, 60, 61, 62], "excluded_lines": []}, "PacketCaptureTool2._get_client": {"executed_lines": [65, 66, 67, 68], "summary": {"covered_lines": 4, "num_statements": 5, "percent_covered": 80.0, "percent_covered_display": "80", "missing_lines": 1, "excluded_lines": 0}, "missing_lines": [74], "excluded_lines": []}, "PacketCaptureTool2._detect_mcp_server_issues": {"executed_lines": [78, 79, 82, 83, 88, 90, 95, 99, 100, 106, 107, 108, 109, 114, 115, 116, 122, 123, 125, 126, 127, 129], "summary": {"covered_lines": 22, "num_statements": 30, "percent_covered": 73.33333333333333, "percent_covered_display": "73", "missing_lines": 8, "excluded_lines": 0}, "missing_lines": [97, 101, 102, 103, 117, 118, 119, 124], "excluded_lines": []}, "PacketCaptureTool2._auto_correct_issues": {"executed_lines": [138, 139, 142, 143, 148, 150, 155, 160, 161, 167, 168, 175, 176, 177, 178, 184, 187, 188, 203, 209], "summary": {"covered_lines": 20, "num_statements": 29, "percent_covered": 68.96551724137932, "percent_covered_display": "69", "missing_lines": 9, "excluded_lines": 0}, "missing_lines": [157, 169, 170, 171, 172, 204, 205, 206, 207], "excluded_lines": []}, "PacketCaptureTool2._resolve_interface": {"executed_lines": [], "summary": {"covered_lines": 0, "num_statements": 60, "percent_covered": 0.0, "percent_covered_display": "0", "missing_lines": 60, "excluded_lines": 0}, "missing_lines": [220, 221, 223, 224, 226, 228, 229, 230, 231, 232, 233, 241, 242, 243, 244, 247, 248, 249, 250, 251, 252, 259, 260, 261, 262, 263, 264, 265, 266, 267, 271, 272, 273, 277, 278, 279, 280, 281, 282, 283, 284, 285, 288, 289, 290, 291, 292, 293, 294, 295, 296, 297, 298, 299, 303, 304, 305, 306, 307, 308], "excluded_lines": []}, "PacketCaptureTool2.start_capture": {"executed_lines": [], "summary": {"covered_lines": 0, "num_statements": 81, "percent_covered": 0.0, "percent_covered_display": "0", "missing_lines": 81, "excluded_lines": 0}, "missing_lines": [325, 327, 329, 330, 333, 334, 335, 336, 337, 338, 344, 345, 346, 347, 352, 360, 361, 362, 367, 368, 371, 372, 376, 384, 385, 387, 389, 390, 392, 395, 397, 398, 399, 405, 406, 407, 418, 419, 420, 434, 436, 447, 448, 449, 450, 451, 452, 453, 454, 455, 465, 466, 474, 476, 477, 478, 479, 492, 493, 494, 503, 504, 505, 518, 520, 529, 530, 531, 532, 533, 534, 535, 536, 538, 539, 541, 542, 543, 553, 554, 563], "excluded_lines": []}, "PacketCaptureTool2.start_capture.clean_cmd": {"executed_lines": [], "summary": {"covered_lines": 0, "num_statements": 1, "percent_covered": 0.0, "percent_covered_display": "0", "missing_lines": 1, "excluded_lines": 0}, "missing_lines": [393], "excluded_lines": []}, "PacketCaptureTool2.stop_capture": {"executed_lines": [], "summary": {"covered_lines": 0, "num_statements": 10, "percent_covered": 0.0, "percent_covered_display": "0", "missing_lines": 10, "excluded_lines": 0}, "missing_lines": [573, 574, 575, 576, 577, 578, 579, 583, 584, 585], "excluded_lines": []}, "PacketCaptureTool2.fetch_pcap": {"executed_lines": [], "summary": {"covered_lines": 0, "num_statements": 11, "percent_covered": 0.0, "percent_covered_display": "0", "missing_lines": 11, "excluded_lines": 0}, "missing_lines": [593, 594, 595, 596, 597, 598, 599, 600, 605, 606, 607], "excluded_lines": []}, "PacketCaptureTool2.execute": {"executed_lines": [615, 618, 621, 622, 625, 627, 628, 630, 633, 645], "summary": {"covered_lines": 10, "num_statements": 92, "percent_covered": 10.869565217391305, "percent_covered_display": "11", "missing_lines": 82, "excluded_lines": 0}, "missing_lines": [634, 648, 649, 650, 651, 654, 659, 665, 666, 667, 674, 675, 682, 683, 690, 691, 692, 693, 694, 701, 702, 703, 704, 705, 706, 711, 712, 713, 720, 721, 722, 723, 727, 728, 733, 734, 735, 742, 752, 754, 755, 756, 757, 758, 759, 760, 761, 767, 768, 775, 777, 778, 779, 780, 781, 782, 783, 784, 785, 790, 796, 797, 804, 806, 807, 808, 809, 810, 811, 812, 813, 814, 815, 820, 826, 827, 834, 835, 837, 838, 839, 842], "excluded_lines": []}, "PacketCaptureTool2._diagnose_and_fix": {"executed_lines": [851, 854, 857, 859], "summary": {"covered_lines": 4, "num_statements": 4, "percent_covered": 100.0, "percent_covered_display": "100", "missing_lines": 0, "excluded_lines": 0}, "missing_lines": [], "excluded_lines": []}, "PacketCaptureTool2._retry_after_correction": {"executed_lines": [877, 880, 881, 882], "summary": {"covered_lines": 4, "num_statements": 5, "percent_covered": 80.0, "percent_covered_display": "80", "missing_lines": 1, "excluded_lines": 0}, "missing_lines": [890], "excluded_lines": []}, "": {"executed_lines": [1, 2, 3, 4, 5, 6, 7, 9, 10, 12, 15, 16, 18, 54, 64, 76, 136, 215, 310, 571, 591, 613, 848, 874], "summary": {"covered_lines": 23, "num_statements": 23, "percent_covered": 100.0, "percent_covered_display": "100", "missing_lines": 0, "excluded_lines": 0}, "missing_lines": [], "excluded_lines": []}}, "classes": {"PacketCaptureTool2": {"executed_lines": [25, 28, 29, 41, 42, 43, 44, 45, 46, 47, 50, 55, 56, 57, 65, 66, 67, 68, 78, 79, 82, 83, 88, 90, 95, 99, 100, 106, 107, 108, 109, 114, 115, 116, 122, 123, 125, 126, 127, 129, 138, 139, 142, 143, 148, 150, 155, 160, 161, 167, 168, 175, 176, 177, 178, 184, 187, 188, 203, 209, 615, 618, 621, 622, 625, 627, 628, 630, 633, 645, 851, 854, 857, 859, 877, 880, 881, 882], "summary": {"covered_lines": 78, "num_statements": 357, "percent_covered": 21.84873949579832, "percent_covered_display": "22", "missing_lines": 279, "excluded_lines": 0}, "missing_lines": [30, 31, 32, 33, 34, 35, 36, 37, 38, 39, 58, 59, 60, 61, 62, 74, 97, 101, 102, 103, 117, 118, 119, 124, 157, 169, 170, 171, 172, 204, 205, 206, 207, 220, 221, 223, 224, 226, 228, 229, 230, 231, 232, 233, 241, 242, 243, 244, 247, 248, 249, 250, 251, 252, 259, 260, 261, 262, 263, 264, 265, 266, 267, 271, 272, 273, 277, 278, 279, 280, 281, 282, 283, 284, 285, 288, 289, 290, 291, 292, 293, 294, 295, 296, 297, 298, 299, 303, 304, 305, 306, 307, 308, 325, 327, 329, 330, 333, 334, 335, 336, 337, 338, 344, 345, 346, 347, 352, 360, 361, 362, 367, 368, 371, 372, 376, 384, 385, 387, 389, 390, 392, 393, 395, 397, 398, 399, 405, 406, 407, 418, 419, 420, 434, 436, 447, 448, 449, 450, 451, 452, 453, 454, 455, 465, 466, 474, 476, 477, 478, 479, 492, 493, 494, 503, 504, 505, 518, 520, 529, 530, 531, 532, 533, 534, 535, 536, 538, 539, 541, 542, 543, 553, 554, 563, 573, 574, 575, 576, 577, 578, 579, 583, 584, 585, 593, 594, 595, 596, 597, 598, 599, 600, 605, 606, 607, 634, 648, 649, 650, 651, 654, 659, 665, 666, 667, 674, 675, 682, 683, 690, 691, 692, 693, 694, 701, 702, 703, 704, 705, 706, 711, 712, 713, 720, 721, 722, 723, 727, 728, 733, 734, 735, 742, 752, 754, 755, 756, 757, 758, 759, 760, 761, 767, 768, 775, 777, 778, 779, 780, 781, 782, 783, 784, 785, 790, 796, 797, 804, 806, 807, 808, 809, 810, 811, 812, 813, 814, 815, 820, 826, 827, 834, 835, 837, 838, 839, 842, 890], "excluded_lines": []}, "": {"executed_lines": [1, 2, 3, 4, 5, 6, 7, 9, 10, 12, 15, 16, 18, 54, 64, 76, 136, 215, 310, 571, 591, 613, 848, 874], "summary": {"covered_lines": 23, "num_statements": 23, "percent_covered": 100.0, "percent_covered_display": "100", "missing_lines": 0, "excluded_lines": 0}, "missing_lines": [], "excluded_lines": []}}}, "opnsense_mcp/tools/rmfw_rule.py": {"executed_lines": [1, 3, 4, 6, 8, 11, 12, 14, 15, 16, 32, 40, 42], "summary": {"covered_lines": 11, "num_statements": 30, "percent_covered": 36.666666666666664, "percent_covered_display": "37", "missing_lines": 19, "excluded_lines": 0}, "missing_lines": [53, 54, 56, 57, 59, 60, 61, 66, 68, 70, 71, 77, 78, 79, 80, 87, 98, 99, 100], "excluded_lines": [], "functions": {"RmfwRuleTool.__init__": {"executed_lines": [40], "summary": {"covered_lines": 1, "num_statements": 1, "percent_covered": 100.0, "percent_covered_display": "100", "missing_lines": 0, "excluded_lines": 0}, "missing_lines": [], "excluded_lines": []}, "RmfwRuleTool.execute": {"executed_lines": [], "summary": {"covered_lines": 0, "num_statements": 19, "percent_covered": 0.0, "percent_covered_display": "0", "missing_lines": 19, "excluded_lines": 0}, "missing_lines": [53, 54, 56, 57, 59, 60, 61, 66, 68, 70, 71, 77, 78, 79, 80, 87, 98, 99, 100], "excluded_lines": []}, "": {"executed_lines": [1, 3, 4, 6, 8, 11, 12, 14, 15, 16, 32, 42], "summary": {"covered_lines": 10, "num_statements": 10, "percent_covered": 100.0, "percent_covered_display": "100", "missing_lines": 0, "excluded_lines": 0}, "missing_lines": [], "excluded_lines": []}}, "classes": {"RmfwRuleTool": {"executed_lines": [40], "summary": {"covered_lines": 1, "num_statements": 20, "percent_covered": 5.0, "percent_covered_display": "5", "missing_lines": 19, "excluded_lines": 0}, "missing_lines": [53, 54, 56, 57, 59, 60, 61, 66, 68, 70, 71, 77, 78, 79, 80, 87, 98, 99, 100], "excluded_lines": []}, "": {"executed_lines": [1, 3, 4, 6, 8, 11, 12, 14, 15, 16, 32, 42], "summary": {"covered_lines": 10, "num_statements": 10, "percent_covered": 100.0, "percent_covered_display": "100", "missing_lines": 0, "excluded_lines": 0}, "missing_lines": [], "excluded_lines": []}}}, "opnsense_mcp/tools/ssh_fw_rule.py": {"executed_lines": [], "summary": {"covered_lines": 0, "num_statements": 123, "percent_covered": 0.0, "percent_covered_display": "0", "missing_lines": 123, "excluded_lines": 0}, "missing_lines": [3, 4, 5, 6, 7, 8, 10, 11, 13, 16, 19, 20, 21, 40, 41, 44, 45, 46, 47, 48, 49, 50, 51, 52, 53, 54, 55, 58, 59, 60, 61, 62, 63, 65, 69, 70, 71, 72, 73, 74, 75, 76, 77, 78, 79, 80, 81, 83, 84, 85, 86, 87, 93, 95, 96, 97, 98, 99, 100, 101, 102, 103, 109, 110, 111, 118, 119, 121, 132, 133, 135, 137, 138, 139, 140, 141, 142, 143, 144, 145, 146, 147, 148, 151, 166, 167, 168, 170, 182, 183, 184, 185, 186, 187, 188, 192, 193, 194, 195, 197, 198, 200, 201, 203, 204, 206, 208, 210, 221, 222, 223, 225, 226, 227, 232, 233, 234, 235, 236, 242, 248, 249, 250], "excluded_lines": [], "functions": {"SSHFirewallRuleTool.__init__": {"executed_lines": [], "summary": {"covered_lines": 0, "num_statements": 20, "percent_covered": 0.0, "percent_covered_display": "0", "missing_lines": 20, "excluded_lines": 0}, "missing_lines": [41, 44, 45, 46, 47, 48, 49, 50, 51, 52, 53, 54, 55, 58, 59, 60, 61, 62, 63, 65], "excluded_lines": []}, "SSHFirewallRuleTool._get_ssh_config": {"executed_lines": [], "summary": {"covered_lines": 0, "num_statements": 12, "percent_covered": 0.0, "percent_covered_display": "0", "missing_lines": 12, "excluded_lines": 0}, "missing_lines": [70, 71, 72, 73, 74, 75, 76, 77, 78, 79, 80, 81], "excluded_lines": []}, "SSHFirewallRuleTool._get_ssh_client": {"executed_lines": [], "summary": {"covered_lines": 0, "num_statements": 5, "percent_covered": 0.0, "percent_covered_display": "0", "missing_lines": 5, "excluded_lines": 0}, "missing_lines": [84, 85, 86, 87, 93], "excluded_lines": []}, "SSHFirewallRuleTool._execute_ssh_command": {"executed_lines": [], "summary": {"covered_lines": 0, "num_statements": 13, "percent_covered": 0.0, "percent_covered_display": "0", "missing_lines": 13, "excluded_lines": 0}, "missing_lines": [96, 97, 98, 99, 100, 101, 102, 103, 109, 110, 111, 118, 119], "excluded_lines": []}, "SSHFirewallRuleTool.execute": {"executed_lines": [], "summary": {"covered_lines": 0, "num_statements": 19, "percent_covered": 0.0, "percent_covered_display": "0", "missing_lines": 19, "excluded_lines": 0}, "missing_lines": [132, 133, 135, 137, 138, 139, 140, 141, 142, 143, 144, 145, 146, 147, 148, 151, 166, 167, 168], "excluded_lines": []}, "SSHFirewallRuleTool._build_pf_rule_command": {"executed_lines": [], "summary": {"covered_lines": 0, "num_statements": 19, "percent_covered": 0.0, "percent_covered_display": "0", "missing_lines": 19, "excluded_lines": 0}, "missing_lines": [182, 183, 184, 185, 186, 187, 188, 192, 193, 194, 195, 197, 198, 200, 201, 203, 204, 206, 208], "excluded_lines": []}, "SSHFirewallRuleTool._create_rule_via_ssh": {"executed_lines": [], "summary": {"covered_lines": 0, "num_statements": 15, "percent_covered": 0.0, "percent_covered_display": "0", "missing_lines": 15, "excluded_lines": 0}, "missing_lines": [221, 222, 223, 225, 226, 227, 232, 233, 234, 235, 236, 242, 248, 249, 250], "excluded_lines": []}, "": {"executed_lines": [], "summary": {"covered_lines": 0, "num_statements": 20, "percent_covered": 0.0, "percent_covered_display": "0", "missing_lines": 20, "excluded_lines": 0}, "missing_lines": [3, 4, 5, 6, 7, 8, 10, 11, 13, 16, 19, 20, 21, 40, 69, 83, 95, 121, 170, 210], "excluded_lines": []}}, "classes": {"SSHFirewallRuleTool": {"executed_lines": [], "summary": {"covered_lines": 0, "num_statements": 103, "percent_covered": 0.0, "percent_covered_display": "0", "missing_lines": 103, "excluded_lines": 0}, "missing_lines": [41, 44, 45, 46, 47, 48, 49, 50, 51, 52, 53, 54, 55, 58, 59, 60, 61, 62, 63, 65, 70, 71, 72, 73, 74, 75, 76, 77, 78, 79, 80, 81, 84, 85, 86, 87, 93, 96, 97, 98, 99, 100, 101, 102, 103, 109, 110, 111, 118, 119, 132, 133, 135, 137, 138, 139, 140, 141, 142, 143, 144, 145, 146, 147, 148, 151, 166, 167, 168, 182, 183, 184, 185, 186, 187, 188, 192, 193, 194, 195, 197, 198, 200, 201, 203, 204, 206, 208, 221, 222, 223, 225, 226, 227, 232, 233, 234, 235, 236, 242, 248, 249, 250], "excluded_lines": []}, "": {"executed_lines": [], "summary": {"covered_lines": 0, "num_statements": 20, "percent_covered": 0.0, "percent_covered_display": "0", "missing_lines": 20, "excluded_lines": 0}, "missing_lines": [3, 4, 5, 6, 7, 8, 10, 11, 13, 16, 19, 20, 21, 40, 69, 83, 95, 121, 170, 210], "excluded_lines": []}}}, "opnsense_mcp/tools/system.py": {"executed_lines": [1, 3, 4, 6, 8, 10, 13, 14, 16, 17, 18, 19, 20, 21, 22, 23, 26, 27, 29, 37, 39, 51, 53, 56, 57, 61, 64, 65, 67, 71, 77, 79, 85], "summary": {"covered_lines": 30, "num_statements": 85, "percent_covered": 35.294117647058826, "percent_covered_display": "35", "missing_lines": 55, "excluded_lines": 0}, "missing_lines": [54, 58, 68, 72, 73, 74, 81, 82, 83, 87, 88, 89, 91, 92, 93, 96, 97, 102, 103, 104, 107, 108, 114, 115, 116, 117, 118, 119, 122, 123, 124, 125, 128, 129, 135, 136, 137, 140, 141, 142, 143, 144, 145, 148, 149, 164, 165, 166, 169, 170, 171, 172, 173, 174, 176], "excluded_lines": [], "functions": {"SystemTool.__init__": {"executed_lines": [37], "summary": {"covered_lines": 1, "num_statements": 1, "percent_covered": 100.0, "percent_covered_display": "100", "missing_lines": 0, "excluded_lines": 0}, "missing_lines": [], "excluded_lines": []}, "SystemTool.execute": {"executed_lines": [51, 53, 56, 57, 61, 64, 65, 67, 71, 77, 79], "summary": {"covered_lines": 11, "num_statements": 20, "percent_covered": 55.0, "percent_covered_display": "55", "missing_lines": 9, "excluded_lines": 0}, "missing_lines": [54, 58, 68, 72, 73, 74, 81, 82, 83], "excluded_lines": []}, "SystemTool.diagnose_mcp_server": {"executed_lines": [], "summary": {"covered_lines": 0, "num_statements": 46, "percent_covered": 0.0, "percent_covered_display": "0", "missing_lines": 46, "excluded_lines": 0}, "missing_lines": [87, 88, 89, 91, 92, 93, 96, 97, 102, 103, 104, 107, 108, 114, 115, 116, 117, 118, 119, 122, 123, 124, 125, 128, 129, 135, 136, 137, 140, 141, 142, 143, 144, 145, 148, 149, 164, 165, 166, 169, 170, 171, 172, 173, 174, 176], "excluded_lines": []}, "": {"executed_lines": [1, 3, 4, 6, 8, 10, 13, 14, 16, 17, 18, 19, 20, 21, 22, 23, 26, 27, 29, 39, 85], "summary": {"covered_lines": 18, "num_statements": 18, "percent_covered": 100.0, "percent_covered_display": "100", "missing_lines": 0, "excluded_lines": 0}, "missing_lines": [], "excluded_lines": []}}, "classes": {"SystemStatus": {"executed_lines": [], "summary": {"covered_lines": 0, "num_statements": 0, "percent_covered": 100.0, "percent_covered_display": "100", "missing_lines": 0, "excluded_lines": 0}, "missing_lines": [], "excluded_lines": []}, "SystemTool": {"executed_lines": [37, 51, 53, 56, 57, 61, 64, 65, 67, 71, 77, 79], "summary": {"covered_lines": 12, "num_statements": 67, "percent_covered": 17.91044776119403, "percent_covered_display": "18", "missing_lines": 55, "excluded_lines": 0}, "missing_lines": [54, 58, 68, 72, 73, 74, 81, 82, 83, 87, 88, 89, 91, 92, 93, 96, 97, 102, 103, 104, 107, 108, 114, 115, 116, 117, 118, 119, 122, 123, 124, 125, 128, 129, 135, 136, 137, 140, 141, 142, 143, 144, 145, 148, 149, 164, 165, 166, 169, 170, 171, 172, 173, 174, 176], "excluded_lines": []}, "": {"executed_lines": [1, 3, 4, 6, 8, 10, 13, 14, 16, 17, 18, 19, 20, 21, 22, 23, 26, 27, 29, 39, 85], "summary": {"covered_lines": 18, "num_statements": 18, "percent_covered": 100.0, "percent_covered_display": "100", "missing_lines": 0, "excluded_lines": 0}, "missing_lines": [], "excluded_lines": []}}}, "opnsense_mcp/utils/__init__.py": {"executed_lines": [1], "summary": {"covered_lines": 0, "num_statements": 0, "percent_covered": 100.0, "percent_covered_display": "100", "missing_lines": 0, "excluded_lines": 0}, "missing_lines": [], "excluded_lines": [], "functions": {"": {"executed_lines": [1], "summary": {"covered_lines": 0, "num_statements": 0, "percent_covered": 100.0, "percent_covered_display": "100", "missing_lines": 0, "excluded_lines": 0}, "missing_lines": [], "excluded_lines": []}}, "classes": {"": {"executed_lines": [1], "summary": {"covered_lines": 0, "num_statements": 0, "percent_covered": 100.0, "percent_covered_display": "100", "missing_lines": 0, "excluded_lines": 0}, "missing_lines": [], "excluded_lines": []}}}, "opnsense_mcp/utils/api.py": {"executed_lines": [2, 4, 5, 6, 7, 8, 9, 10, 11, 13, 14, 15, 17, 18, 21, 49, 50, 53, 58, 59, 60, 84, 86, 89, 90, 93, 94, 97, 98, 101, 102, 105, 106, 109, 110, 112, 163, 168, 176, 180, 184, 188, 192, 196, 200, 204, 208, 212, 213, 272, 278, 284, 309, 343, 381, 386, 414, 446, 471, 493, 524, 567, 594, 616, 638, 664, 681, 698, 759, 770, 840], "summary": {"covered_lines": 64, "num_statements": 462, "percent_covered": 13.852813852813853, "percent_covered_display": "14", "missing_lines": 398, "excluded_lines": 0}, "missing_lines": [61, 62, 63, 65, 66, 67, 68, 69, 70, 71, 72, 73, 74, 78, 79, 82, 121, 122, 125, 128, 129, 130, 133, 141, 144, 145, 146, 155, 161, 165, 166, 172, 173, 174, 178, 182, 186, 190, 194, 198, 202, 206, 210, 220, 222, 223, 225, 226, 227, 229, 230, 233, 234, 235, 236, 238, 241, 245, 246, 247, 248, 251, 254, 255, 256, 257, 259, 260, 261, 262, 263, 264, 265, 266, 267, 268, 269, 270, 276, 282, 286, 287, 290, 296, 297, 298, 299, 300, 302, 303, 307, 311, 312, 315, 318, 319, 320, 321, 322, 323, 324, 325, 326, 327, 328, 329, 334, 345, 347, 348, 350, 358, 359, 360, 363, 364, 365, 366, 374, 376, 377, 379, 383, 384, 395, 396, 397, 402, 403, 404, 406, 407, 408, 409, 411, 418, 419, 420, 426, 427, 430, 431, 432, 435, 437, 438, 439, 440, 441, 443, 444, 450, 451, 452, 458, 459, 460, 462, 463, 464, 465, 466, 468, 469, 473, 474, 475, 480, 481, 482, 484, 485, 486, 487, 488, 490, 491, 497, 498, 499, 500, 505, 506, 507, 509, 510, 511, 512, 513, 515, 518, 526, 528, 529, 534, 535, 537, 540, 543, 549, 550, 551, 554, 555, 556, 557, 558, 559, 561, 562, 571, 572, 575, 580, 581, 582, 583, 584, 585, 586, 587, 589, 592, 600, 601, 602, 604, 607, 608, 609, 610, 611, 612, 614, 622, 623, 624, 626, 629, 630, 631, 632, 633, 634, 636, 641, 642, 643, 644, 645, 646, 647, 648, 649, 650, 651, 652, 655, 656, 657, 658, 659, 662, 666, 667, 669, 670, 671, 672, 673, 674, 675, 676, 677, 679, 683, 684, 686, 687, 688, 689, 690, 691, 692, 693, 694, 696, 713, 719, 720, 721, 722, 723, 724, 725, 726, 727, 728, 731, 732, 733, 734, 735, 739, 740, 741, 742, 746, 747, 748, 749, 750, 751, 752, 753, 754, 755, 756, 757, 763, 765, 768, 773, 774, 786, 787, 788, 789, 790, 791, 792, 793, 794, 795, 796, 797, 798, 799, 802, 803, 806, 807, 813, 814, 815, 816, 817, 818, 819, 820, 821, 822, 823, 824, 825, 826, 827, 828, 829, 830, 831, 832, 838, 842, 843, 844, 845, 846, 847, 848, 849, 850, 851, 852, 853, 854, 855, 856, 857, 858, 859, 860, 861, 862, 863, 864, 865, 866, 867, 868, 869, 871, 872, 873, 874, 875, 876, 878], "excluded_lines": [], "functions": {"retry": {"executed_lines": [58, 59, 86], "summary": {"covered_lines": 3, "num_statements": 3, "percent_covered": 100.0, "percent_covered_display": "100", "missing_lines": 0, "excluded_lines": 0}, "missing_lines": [], "excluded_lines": []}, "retry.decorator": {"executed_lines": [60, 84], "summary": {"covered_lines": 2, "num_statements": 2, "percent_covered": 100.0, "percent_covered_display": "100", "missing_lines": 0, "excluded_lines": 0}, "missing_lines": [], "excluded_lines": []}, "retry.decorator.wrapper": {"executed_lines": [], "summary": {"covered_lines": 0, "num_statements": 16, "percent_covered": 0.0, "percent_covered_display": "0", "missing_lines": 16, "excluded_lines": 0}, "missing_lines": [61, 62, 63, 65, 66, 67, 68, 69, 70, 71, 72, 73, 74, 78, 79, 82], "excluded_lines": []}, "OPNsenseClient.__init__": {"executed_lines": [], "summary": {"covered_lines": 0, "num_statements": 13, "percent_covered": 0.0, "percent_covered_display": "0", "missing_lines": 13, "excluded_lines": 0}, "missing_lines": [121, 122, 125, 128, 129, 130, 133, 141, 144, 145, 146, 155, 161], "excluded_lines": []}, "OPNsenseClient._get_basic_auth": {"executed_lines": [], "summary": {"covered_lines": 0, "num_statements": 2, "percent_covered": 0.0, "percent_covered_display": "0", "missing_lines": 2, "excluded_lines": 0}, "missing_lines": [165, 166], "excluded_lines": []}, "OPNsenseClient.setup_ssl": {"executed_lines": [], "summary": {"covered_lines": 0, "num_statements": 3, "percent_covered": 0.0, "percent_covered_display": "0", "missing_lines": 3, "excluded_lines": 0}, "missing_lines": [172, 173, 174], "excluded_lines": []}, "OPNsenseClient._raise_unexpected_response_format": {"executed_lines": [], "summary": {"covered_lines": 0, "num_statements": 1, "percent_covered": 0.0, "percent_covered_display": "0", "missing_lines": 1, "excluded_lines": 0}, "missing_lines": [178], "excluded_lines": []}, "OPNsenseClient._raise_invalid_create_response": {"executed_lines": [], "summary": {"covered_lines": 0, "num_statements": 1, "percent_covered": 0.0, "percent_covered_display": "0", "missing_lines": 1, "excluded_lines": 0}, "missing_lines": [182], "excluded_lines": []}, "OPNsenseClient._raise_create_rule_failed": {"executed_lines": [], "summary": {"covered_lines": 0, "num_statements": 1, "percent_covered": 0.0, "percent_covered_display": "0", "missing_lines": 1, "excluded_lines": 0}, "missing_lines": [186], "excluded_lines": []}, "OPNsenseClient._raise_update_rule_failed": {"executed_lines": [], "summary": {"covered_lines": 0, "num_statements": 1, "percent_covered": 0.0, "percent_covered_display": "0", "missing_lines": 1, "excluded_lines": 0}, "missing_lines": [190], "excluded_lines": []}, "OPNsenseClient._raise_delete_rule_failed": {"executed_lines": [], "summary": {"covered_lines": 0, "num_statements": 1, "percent_covered": 0.0, "percent_covered_display": "0", "missing_lines": 1, "excluded_lines": 0}, "missing_lines": [194], "excluded_lines": []}, "OPNsenseClient._raise_toggle_rule_failed": {"executed_lines": [], "summary": {"covered_lines": 0, "num_statements": 1, "percent_covered": 0.0, "percent_covered_display": "0", "missing_lines": 1, "excluded_lines": 0}, "missing_lines": [198], "excluded_lines": []}, "OPNsenseClient._raise_apply_changes_failed": {"executed_lines": [], "summary": {"covered_lines": 0, "num_statements": 1, "percent_covered": 0.0, "percent_covered_display": "0", "missing_lines": 1, "excluded_lines": 0}, "missing_lines": [202], "excluded_lines": []}, "OPNsenseClient._raise_cancel_rollback_failed": {"executed_lines": [], "summary": {"covered_lines": 0, "num_statements": 1, "percent_covered": 0.0, "percent_covered_display": "0", "missing_lines": 1, "excluded_lines": 0}, "missing_lines": [206], "excluded_lines": []}, "OPNsenseClient._raise_savepoint_failed": {"executed_lines": [], "summary": {"covered_lines": 0, "num_statements": 1, "percent_covered": 0.0, "percent_covered_display": "0", "missing_lines": 1, "excluded_lines": 0}, "missing_lines": [210], "excluded_lines": []}, "OPNsenseClient._make_request": {"executed_lines": [], "summary": {"covered_lines": 0, "num_statements": 35, "percent_covered": 0.0, "percent_covered_display": "0", "missing_lines": 35, "excluded_lines": 0}, "missing_lines": [220, 222, 223, 225, 226, 227, 229, 230, 233, 234, 235, 236, 238, 241, 245, 246, 247, 248, 251, 254, 255, 256, 257, 259, 260, 261, 262, 263, 264, 265, 266, 267, 268, 269, 270], "excluded_lines": []}, "OPNsenseClient.get_arp_table": {"executed_lines": [], "summary": {"covered_lines": 0, "num_statements": 1, "percent_covered": 0.0, "percent_covered_display": "0", "missing_lines": 1, "excluded_lines": 0}, "missing_lines": [276], "excluded_lines": []}, "OPNsenseClient.get_ndp_table": {"executed_lines": [], "summary": {"covered_lines": 0, "num_statements": 1, "percent_covered": 0.0, "percent_covered_display": "0", "missing_lines": 1, "excluded_lines": 0}, "missing_lines": [282], "excluded_lines": []}, "OPNsenseClient.get_firewall_rules": {"executed_lines": [], "summary": {"covered_lines": 0, "num_statements": 11, "percent_covered": 0.0, "percent_covered_display": "0", "missing_lines": 11, "excluded_lines": 0}, "missing_lines": [286, 287, 290, 296, 297, 298, 299, 300, 302, 303, 307], "excluded_lines": []}, "OPNsenseClient.get_system_status": {"executed_lines": [], "summary": {"covered_lines": 0, "num_statements": 16, "percent_covered": 0.0, "percent_covered_display": "0", "missing_lines": 16, "excluded_lines": 0}, "missing_lines": [311, 312, 315, 318, 319, 320, 321, 322, 323, 324, 325, 326, 327, 328, 329, 334], "excluded_lines": []}, "OPNsenseClient.get_interfaces": {"executed_lines": [], "summary": {"covered_lines": 0, "num_statements": 15, "percent_covered": 0.0, "percent_covered_display": "0", "missing_lines": 15, "excluded_lines": 0}, "missing_lines": [345, 347, 348, 350, 358, 359, 360, 363, 364, 365, 366, 374, 376, 377, 379], "excluded_lines": []}, "OPNsenseClient.get_interface": {"executed_lines": [], "summary": {"covered_lines": 0, "num_statements": 2, "percent_covered": 0.0, "percent_covered_display": "0", "missing_lines": 2, "excluded_lines": 0}, "missing_lines": [383, 384], "excluded_lines": []}, "OPNsenseClient.get_firewall_interface_list": {"executed_lines": [], "summary": {"covered_lines": 0, "num_statements": 11, "percent_covered": 0.0, "percent_covered_display": "0", "missing_lines": 11, "excluded_lines": 0}, "missing_lines": [395, 396, 397, 402, 403, 404, 406, 407, 408, 409, 411], "excluded_lines": []}, "OPNsenseClient.add_firewall_rule": {"executed_lines": [], "summary": {"covered_lines": 0, "num_statements": 16, "percent_covered": 0.0, "percent_covered_display": "0", "missing_lines": 16, "excluded_lines": 0}, "missing_lines": [418, 419, 420, 426, 427, 430, 431, 432, 435, 437, 438, 439, 440, 441, 443, 444], "excluded_lines": []}, "OPNsenseClient.update_firewall_rule": {"executed_lines": [], "summary": {"covered_lines": 0, "num_statements": 13, "percent_covered": 0.0, "percent_covered_display": "0", "missing_lines": 13, "excluded_lines": 0}, "missing_lines": [450, 451, 452, 458, 459, 460, 462, 463, 464, 465, 466, 468, 469], "excluded_lines": []}, "OPNsenseClient.delete_firewall_rule": {"executed_lines": [], "summary": {"covered_lines": 0, "num_statements": 13, "percent_covered": 0.0, "percent_covered_display": "0", "missing_lines": 13, "excluded_lines": 0}, "missing_lines": [473, 474, 475, 480, 481, 482, 484, 485, 486, 487, 488, 490, 491], "excluded_lines": []}, "OPNsenseClient.toggle_firewall_rule": {"executed_lines": [], "summary": {"covered_lines": 0, "num_statements": 14, "percen
[...]
luded_lines": 0}, "missing_lines": [], "excluded_lines": []}, "": {"executed_lines": [], "summary": {"covered_lines": 0, "num_statements": 44, "percent_covered": 0.0, "percent_covered_display": "0", "missing_lines": 44, "excluded_lines": 0}, "missing_lines": [3, 4, 5, 7, 9, 10, 13, 14, 15, 18, 21, 22, 25, 28, 31, 34, 35, 38, 41, 44, 56, 59, 70, 73, 85, 86, 87, 88, 91, 106, 107, 108, 109, 110, 111, 114, 128, 129, 130, 132, 134, 135, 138, 140], "excluded_lines": []}}}, "opnsense_mcp/utils/compat.py": {"executed_lines": [], "summary": {"covered_lines": 0, "num_statements": 0, "percent_covered": 100.0, "percent_covered_display": "100", "missing_lines": 0, "excluded_lines": 0}, "missing_lines": [], "excluded_lines": [], "functions": {"": {"executed_lines": [], "summary": {"covered_lines": 0, "num_statements": 0, "percent_covered": 100.0, "percent_covered_display": "100", "missing_lines": 0, "excluded_lines": 0}, "missing_lines": [], "excluded_lines": []}}, "classes": {"": {"executed_lines": [], "summary": {"covered_lines": 0, "num_statements": 0, "percent_covered": 100.0, "percent_covered_display": "100", "missing_lines": 0, "excluded_lines": 0}, "missing_lines": [], "excluded_lines": []}}}, "opnsense_mcp/utils/errors.py": {"executed_lines": [], "summary": {"covered_lines": 0, "num_statements": 18, "percent_covered": 0.0, "percent_covered_display": "0", "missing_lines": 18, "excluded_lines": 0}, "missing_lines": [3, 4, 6, 7, 9, 12, 15, 32, 33, 34, 35, 36, 39, 51, 52, 64, 76, 77], "excluded_lines": [], "functions": {"MCPError.__init__": {"executed_lines": [], "summary": {"covered_lines": 0, "num_statements": 5, "percent_covered": 0.0, "percent_covered_display": "0", "missing_lines": 5, "excluded_lines": 0}, "missing_lines": [32, 33, 34, 35, 36], "excluded_lines": []}, "mcp_exception_handler": {"executed_lines": [], "summary": {"covered_lines": 0, "num_statements": 2, "percent_covered": 0.0, "percent_covered_display": "0", "missing_lines": 2, "excluded_lines": 0}, "missing_lines": [51, 52], "excluded_lines": []}, "general_exception_handler": {"executed_lines": [], "summary": {"covered_lines": 0, "num_statements": 2, "percent_covered": 0.0, "percent_covered_display": "0", "missing_lines": 2, "excluded_lines": 0}, "missing_lines": [76, 77], "excluded_lines": []}, "": {"executed_lines": [], "summary": {"covered_lines": 0, "num_statements": 9, "percent_covered": 0.0, "percent_covered_display": "0", "missing_lines": 9, "excluded_lines": 0}, "missing_lines": [3, 4, 6, 7, 9, 12, 15, 39, 64], "excluded_lines": []}}, "classes": {"MCPError": {"executed_lines": [], "summary": {"covered_lines": 0, "num_statements": 5, "percent_covered": 0.0, "percent_covered_display": "0", "missing_lines": 5, "excluded_lines": 0}, "missing_lines": [32, 33, 34, 35, 36], "excluded_lines": []}, "": {"executed_lines": [], "summary": {"covered_lines": 0, "num_statements": 13, "percent_covered": 0.0, "percent_covered_display": "0", "missing_lines": 13, "excluded_lines": 0}, "missing_lines": [3, 4, 6, 7, 9, 12, 15, 39, 51, 52, 64, 76, 77], "excluded_lines": []}}}, "opnsense_mcp/utils/form_helper.py": {"executed_lines": [], "summary": {"covered_lines": 0, "num_statements": 21, "percent_covered": 0.0, "percent_covered_display": "0", "missing_lines": 21, "excluded_lines": 0}, "missing_lines": [3, 6, 9, 20, 21, 24, 26, 28, 30, 31, 32, 35, 37, 38, 39, 40, 41, 42, 43, 45, 48], "excluded_lines": [], "functions": {"SimpleFormData.__init__": {"executed_lines": [], "summary": {"covered_lines": 0, "num_statements": 2, "percent_covered": 0.0, "percent_covered_display": "0", "missing_lines": 2, "excluded_lines": 0}, "missing_lines": [20, 21], "excluded_lines": []}, "parse_form_data": {"executed_lines": [], "summary": {"covered_lines": 0, "num_statements": 15, "percent_covered": 0.0, "percent_covered_display": "0", "missing_lines": 15, "excluded_lines": 0}, "missing_lines": [26, 28, 30, 31, 32, 35, 37, 38, 39, 40, 41, 42, 43, 45, 48], "excluded_lines": []}, "": {"executed_lines": [], "summary": {"covered_lines": 0, "num_statements": 4, "percent_covered": 0.0, "percent_covered_display": "0", "missing_lines": 4, "excluded_lines": 0}, "missing_lines": [3, 6, 9, 24], "excluded_lines": []}}, "classes": {"SimpleFormData": {"executed_lines": [], "summary": {"covered_lines": 0, "num_statements": 2, "percent_covered": 0.0, "percent_covered_display": "0", "missing_lines": 2, "excluded_lines": 0}, "missing_lines": [20, 21], "excluded_lines": []}, "": {"executed_lines": [], "summary": {"covered_lines": 0, "num_statements": 19, "percent_covered": 0.0, "percent_covered_display": "0", "missing_lines": 19, "excluded_lines": 0}, "missing_lines": [3, 6, 9, 24, 26, 28, 30, 31, 32, 35, 37, 38, 39, 40, 41, 42, 43, 45, 48], "excluded_lines": []}}}, "opnsense_mcp/utils/jwt_helper.py": {"executed_lines": [1, 3, 4, 5, 6, 7, 8, 11, 13, 14, 15, 18, 20, 21, 24, 32, 35, 36, 37, 40, 41, 44, 45, 46, 53, 56, 59, 65, 68, 70, 71, 74, 77, 78, 80, 84, 85, 86, 92, 93, 94, 97, 100, 101, 103, 105, 106, 107, 112, 113], "summary": {"covered_lines": 48, "num_statements": 55, "percent_covered": 87.27272727272727, "percent_covered_display": "87", "missing_lines": 7, "excluded_lines": 0}, "missing_lines": [50, 51, 66, 72, 81, 90, 108], "excluded_lines": [], "functions": {"b64encode": {"executed_lines": [13, 14, 15], "summary": {"covered_lines": 3, "num_statements": 3, "percent_covered": 100.0, "percent_covered_display": "100", "missing_lines": 0, "excluded_lines": 0}, "missing_lines": [], "excluded_lines": []}, "b64decode": {"executed_lines": [20, 21], "summary": {"covered_lines": 2, "num_statements": 2, "percent_covered": 100.0, "percent_covered_display": "100", "missing_lines": 0, "excluded_lines": 0}, "missing_lines": [], "excluded_lines": []}, "create_jwt": {"executed_lines": [32, 35, 36, 37, 40, 41, 44, 45, 46, 53, 56], "summary": {"covered_lines": 11, "num_statements": 13, "percent_covered": 84.61538461538461, "percent_covered_display": "85", "missing_lines": 2, "excluded_lines": 0}, "missing_lines": [50, 51], "excluded_lines": []}, "decode_jwt": {"executed_lines": [65, 68, 70, 71, 74, 77, 78, 80, 84, 85, 86, 92, 93, 94, 97, 100, 101, 103, 105, 106, 107], "summary": {"covered_lines": 21, "num_statements": 26, "percent_covered": 80.76923076923077, "percent_covered_display": "81", "missing_lines": 5, "excluded_lines": 0}, "missing_lines": [66, 72, 81, 90, 108], "excluded_lines": []}, "": {"executed_lines": [1, 3, 4, 5, 6, 7, 8, 11, 18, 24, 59, 112, 113], "summary": {"covered_lines": 11, "num_statements": 11, "percent_covered": 100.0, "percent_covered_display": "100", "missing_lines": 0, "excluded_lines": 0}, "missing_lines": [], "excluded_lines": []}}, "classes": {"JWTError": {"executed_lines": [], "summary": {"covered_lines": 0, "num_statements": 0, "percent_covered": 100.0, "percent_covered_display": "100", "missing_lines": 0, "excluded_lines": 0}, "missing_lines": [], "excluded_lines": []}, "": {"executed_lines": [1, 3, 4, 5, 6, 7, 8, 11, 13, 14, 15, 18, 20, 21, 24, 32, 35, 36, 37, 40, 41, 44, 45, 46, 53, 56, 59, 65, 68, 70, 71, 74, 77, 78, 80, 84, 85, 86, 92, 93, 94, 97, 100, 101, 103, 105, 106, 107, 112, 113], "summary": {"covered_lines": 48, "num_statements": 55, "percent_covered": 87.27272727272727, "percent_covered_display": "87", "missing_lines": 7, "excluded_lines": 0}, "missing_lines": [50, 51, 66, 72, 81, 90, 108], "excluded_lines": []}}}, "opnsense_mcp/utils/logging.py": {"executed_lines": [1, 3, 6, 9, 14, 15, 18, 21, 22, 23, 24, 27, 33], "summary": {"covered_lines": 12, "num_statements": 16, "percent_covered": 75.0, "percent_covered_display": "75", "missing_lines": 4, "excluded_lines": 0}, "missing_lines": [28, 29, 30, 31], "excluded_lines": [], "functions": {"setup_logging": {"executed_lines": [9, 14, 15, 18, 21, 22, 23, 24, 27, 33], "summary": {"covered_lines": 10, "num_statements": 14, "percent_covered": 71.42857142857143, "percent_covered_display": "71", "missing_lines": 4, "excluded_lines": 0}, "missing_lines": [28, 29, 30, 31], "excluded_lines": []}, "": {"executed_lines": [1, 3, 6], "summary": {"covered_lines": 2, "num_statements": 2, "percent_covered": 100.0, "percent_covered_display": "100", "missing_lines": 0, "excluded_lines": 0}, "missing_lines": [], "excluded_lines": []}}, "classes": {"": {"executed_lines": [1, 3, 6, 9, 14, 15, 18, 21, 22, 23, 24, 27, 33], "summary": {"covered_lines": 12, "num_statements": 16, "percent_covered": 75.0, "percent_covered_display": "75", "missing_lines": 4, "excluded_lines": 0}, "missing_lines": [28, 29, 30, 31], "excluded_lines": []}}}, "opnsense_mcp/utils/mock_api.py": {"executed_lines": [2, 4, 5, 6, 7, 9, 12, 13, 15, 17, 19, 20, 23, 24, 26, 28, 29, 30, 31, 32, 36, 37, 38, 39, 40, 41, 42, 46, 50, 51, 52, 58, 60, 62, 64, 65, 67, 69, 71, 73, 74, 76, 81, 83, 84, 86, 87, 89, 90, 91, 93, 95, 96, 98, 100, 101, 103, 114, 118, 128], "summary": {"covered_lines": 58, "num_statements": 75, "percent_covered": 77.33333333333333, "percent_covered_display": "77", "missing_lines": 17, "excluded_lines": 0}, "missing_lines": [33, 34, 43, 44, 54, 55, 56, 78, 79, 105, 106, 116, 120, 121, 126, 130, 131], "excluded_lines": [], "functions": {"MockOPNsenseClient.__init__": {"executed_lines": [17, 19, 20, 23, 24], "summary": {"covered_lines": 5, "num_statements": 5, "percent_covered": 100.0, "percent_covered_display": "100", "missing_lines": 0, "excluded_lines": 0}, "missing_lines": [], "excluded_lines": []}, "MockOPNsenseClient._load_mock_data": {"executed_lines": [28, 29, 30, 31, 32, 36, 37, 38, 39, 40, 41, 42, 46, 50, 51, 52], "summary": {"covered_lines": 16, "num_statements": 23, "percent_covered": 69.56521739130434, "percent_covered_display": "70", "missing_lines": 7, "excluded_lines": 0}, "missing_lines": [33, 34, 43, 44, 54, 55, 56], "excluded_lines": []}, "MockOPNsenseClient.get_system_status": {"executed_lines": [60], "summary": {"covered_lines": 1, "num_statements": 1, "percent_covered": 100.0, "percent_covered_display": "100", "missing_lines": 0, "excluded_lines": 0}, "missing_lines": [], "excluded_lines": []}, "MockOPNsenseClient.get_arp_table": {"executed_lines": [64, 65], "summary": {"covered_lines": 2, "num_statements": 2, "percent_covered": 100.0, "percent_covered_display": "100", "missing_lines": 0, "excluded_lines": 0}, "missing_lines": [], "excluded_lines": []}, "MockOPNsenseClient.get_ndp_table": {"executed_lines": [69], "summary": {"covered_lines": 1, "num_statements": 1, "percent_covered": 100.0, "percent_covered_display": "100", "missing_lines": 0, "excluded_lines": 0}, "missing_lines": [], "excluded_lines": []}, "MockOPNsenseClient.get_interfaces": {"executed_lines": [73, 74], "summary": {"covered_lines": 2, "num_statements": 2, "percent_covered": 100.0, "percent_covered_display": "100", "missing_lines": 0, "excluded_lines": 0}, "missing_lines": [], "excluded_lines": []}, "MockOPNsenseClient.get_firewall_rules": {"executed_lines": [], "summary": {"covered_lines": 0, "num_statements": 2, "percent_covered": 0.0, "percent_covered_display": "0", "missing_lines": 2, "excluded_lines": 0}, "missing_lines": [78, 79], "excluded_lines": []}, "MockOPNsenseClient.get_firewall_logs": {"executed_lines": [83, 84, 86, 87, 89, 90, 91], "summary": {"covered_lines": 7, "num_statements": 7, "percent_covered": 100.0, "percent_covered_display": "100", "missing_lines": 0, "excluded_lines": 0}, "missing_lines": [], "excluded_lines": []}, "MockOPNsenseClient.get_dhcpv4_leases": {"executed_lines": [95, 96], "summary": {"covered_lines": 2, "num_statements": 2, "percent_covered": 100.0, "percent_covered_display": "100", "missing_lines": 0, "excluded_lines": 0}, "missing_lines": [], "excluded_lines": []}, "MockOPNsenseClient.get_dhcpv6_leases": {"executed_lines": [100, 101], "summary": {"covered_lines": 2, "num_statements": 2, "percent_covered": 100.0, "percent_covered_display": "100", "missing_lines": 0, "excluded_lines": 0}, "missing_lines": [], "excluded_lines": []}, "MockOPNsenseClient.search_arp_table": {"executed_lines": [], "summary": {"covered_lines": 0, "num_statements": 2, "percent_covered": 0.0, "percent_covered_display": "0", "missing_lines": 2, "excluded_lines": 0}, "missing_lines": [105, 106], "excluded_lines": []}, "MockOPNsenseClient.search_ndp_table": {"executed_lines": [], "summary": {"covered_lines": 0, "num_statements": 1, "percent_covered": 0.0, "percent_covered_display": "0", "missing_lines": 1, "excluded_lines": 0}, "missing_lines": [116], "excluded_lines": []}, "MockOPNsenseClient.search_firewall_logs": {"executed_lines": [], "summary": {"covered_lines": 0, "num_statements": 3, "percent_covered": 0.0, "percent_covered_display": "0", "missing_lines": 3, "excluded_lines": 0}, "missing_lines": [120, 121, 126], "excluded_lines": []}, "MockOPNsenseClient.get_firewall_interface_list": {"executed_lines": [], "summary": {"covered_lines": 0, "num_statements": 2, "percent_covered": 0.0, "percent_covered_display": "0", "missing_lines": 2, "excluded_lines": 0}, "missing_lines": [130, 131], "excluded_lines": []}, "": {"executed_lines": [2, 4, 5, 6, 7, 9, 12, 13, 15, 26, 58, 62, 67, 71, 76, 81, 93, 98, 103, 114, 118, 128], "summary": {"covered_lines": 20, "num_statements": 20, "percent_covered": 100.0, "percent_covered_display": "100", "missing_lines": 0, "excluded_lines": 0}, "missing_lines": [], "excluded_lines": []}}, "classes": {"MockOPNsenseClient": {"executed_lines": [17, 19, 20, 23, 24, 28, 29, 30, 31, 32, 36, 37, 38, 39, 40, 41, 42, 46, 50, 51, 52, 60, 64, 65, 69, 73, 74, 83, 84, 86, 87, 89, 90, 91, 95, 96, 100, 101], "summary": {"covered_lines": 38, "num_statements": 55, "percent_covered": 69.0909090909091, "percent_covered_display": "69", "missing_lines": 17, "excluded_lines": 0}, "missing_lines": [33, 34, 43, 44, 54, 55, 56, 78, 79, 105, 106, 116, 120, 121, 126, 130, 131], "excluded_lines": []}, "": {"executed_lines": [2, 4, 5, 6, 7, 9, 12, 13, 15, 26, 58, 62, 67, 71, 76, 81, 93, 98, 103, 114, 118, 128], "summary": {"covered_lines": 20, "num_statements": 20, "percent_covered": 100.0, "percent_covered_display": "100", "missing_lines": 0, "excluded_lines": 0}, "missing_lines": [], "excluded_lines": []}}}, "opnsense_mcp/utils/oui_lookup.py": {"executed_lines": [1, 3, 4, 6, 9, 10, 12, 20, 21, 23, 31, 34, 35, 36, 37, 38, 39, 41], "summary": {"covered_lines": 16, "num_statements": 20, "percent_covered": 80.0, "percent_covered_display": "80", "missing_lines": 4, "excluded_lines": 0}, "missing_lines": [32, 43, 44, 45], "excluded_lines": [], "functions": {"OUILookup.__init__": {"executed_lines": [20, 21], "summary": {"covered_lines": 2, "num_statements": 2, "percent_covered": 100.0, "percent_covered_display": "100", "missing_lines": 0, "excluded_lines": 0}, "missing_lines": [], "excluded_lines": []}, "OUILookup._load_oui_csv": {"executed_lines": [31, 34, 35, 36, 37, 38, 39], "summary": {"covered_lines": 7, "num_statements": 8, "percent_covered": 87.5, "percent_covered_display": "88", "missing_lines": 1, "excluded_lines": 0}, "missing_lines": [32], "excluded_lines": []}, "OUILookup.lookup": {"executed_lines": [], "summary": {"covered_lines": 0, "num_statements": 3, "percent_covered": 0.0, "percent_covered_display": "0", "missing_lines": 3, "excluded_lines": 0}, "missing_lines": [43, 44, 45], "excluded_lines": []}, "": {"executed_lines": [1, 3, 4, 6, 9, 10, 12, 23, 41], "summary": {"covered_lines": 7, "num_statements": 7, "percent_covered": 100.0, "percent_covered_display": "100", "missing_lines": 0, "excluded_lines": 0}, "missing_lines": [], "excluded_lines": []}}, "classes": {"OUILookup": {"executed_lines": [20, 21, 31, 34, 35, 36, 37, 38, 39], "summary": {"covered_lines": 9, "num_statements": 13, "percent_covered": 69.23076923076923, "percent_covered_display": "69", "missing_lines": 4, "excluded_lines": 0}, "missing_lines": [32, 43, 44, 45], "excluded_lines": []}, "": {"executed_lines": [1, 3, 4, 6, 9, 10, 12, 23, 41], "summary": {"covered_lines": 7, "num_statements": 7, "percent_covered": 100.0, "percent_covered_display": "100", "missing_lines": 0, "excluded_lines": 0}, "missing_lines": [], "excluded_lines": []}}}, "opnsense_mcp/utils/passlib_shim.py": {"executed_lines": [], "summary": {"covered_lines": 0, "num_statements": 2, "percent_covered": 0.0, "percent_covered_display": "0", "missing_lines": 2, "excluded_lines": 0}, "missing_lines": [3, 6], "excluded_lines": [], "functions": {"": {"executed_lines": [], "summary": {"covered_lines": 0, "num_statements": 2, "percent_covered": 0.0, "percent_covered_display": "0", "missing_lines": 2, "excluded_lines": 0}, "missing_lines": [3, 6], "excluded_lines": []}}, "classes": {"": {"executed_lines": [], "summary": {"covered_lines": 0, "num_statements": 2, "percent_covered": 0.0, "percent_covered_display": "0", "missing_lines": 2, "excluded_lines": 0}, "missing_lines": [3, 6], "excluded_lines": []}}}, "opnsense_mcp/utils/ssh_client.py": {"executed_lines": [], "summary": {"covered_lines": 0, "num_statements": 64, "percent_covered": 0.0, "percent_covered_display": "0", "missing_lines": 64, "excluded_lines": 0}, "missing_lines": [3, 4, 5, 6, 8, 9, 11, 14, 17, 24, 27, 28, 29, 30, 31, 32, 33, 34, 35, 36, 37, 38, 41, 42, 43, 44, 45, 46, 49, 53, 55, 56, 57, 58, 59, 60, 61, 62, 63, 64, 65, 66, 68, 78, 79, 80, 81, 87, 89, 99, 100, 101, 102, 103, 105, 106, 108, 115, 116, 117, 124, 125, 127, 129], "excluded_lines": [], "functions": {"OPNsenseSSHClient.__init__": {"executed_lines": [], "summary": {"covered_lines": 0, "num_statements": 20, "percent_covered": 0.0, "percent_covered_display": "0", "missing_lines": 20, "excluded_lines": 0}, "missing_lines": [24, 27, 28, 29, 30, 31, 32, 33, 34, 35, 36, 37, 38, 41, 42, 43, 44, 45, 46, 49], "excluded_lines": []}, "OPNsenseSSHClient._get_ssh_config": {"executed_lines": [], "summary": {"covered_lines": 0, "num_statements": 12, "percent_covered": 0.0, "percent_covered_display": "0", "missing_lines": 12, "excluded_lines": 0}, "missing_lines": [55, 56, 57, 58, 59, 60, 61, 62, 63, 64, 65, 66], "excluded_lines": []}, "OPNsenseSSHClient.get_ssh_client": {"executed_lines": [], "summary": {"covered_lines": 0, "num_statements": 5, "percent_covered": 0.0, "percent_covered_display": "0", "missing_lines": 5, "excluded_lines": 0}, "missing_lines": [78, 79, 80, 81, 87], "excluded_lines": []}, "OPNsenseSSHClient.execute_command": {"executed_lines": [], "summary": {"covered_lines": 0, "num_statements": 13, "percent_covered": 0.0, "percent_covered_display": "0", "missing_lines": 13, "excluded_lines": 0}, "missing_lines": [99, 100, 101, 102, 103, 105, 106, 108, 115, 116, 117, 124, 125], "excluded_lines": []}, "OPNsenseSSHClient.get_config": {"executed_lines": [], "summary": {"covered_lines": 0, "num_statements": 1, "percent_covered": 0.0, "percent_covered_display": "0", "missing_lines": 1, "excluded_lines": 0}, "missing_lines": [129], "excluded_lines": []}, "": {"executed_lines": [], "summary": {"covered_lines": 0, "num_statements": 13, "percent_covered": 0.0, "percent_covered_display": "0", "missing_lines": 13, "excluded_lines": 0}, "missing_lines": [3, 4, 5, 6, 8, 9, 11, 14, 17, 53, 68, 89, 127], "excluded_lines": []}}, "classes": {"OPNsenseSSHClient": {"executed_lines": [], "summary": {"covered_lines": 0, "num_statements": 51, "percent_covered": 0.0, "percent_covered_display": "0", "missing_lines": 51, "excluded_lines": 0}, "missing_lines": [24, 27, 28, 29, 30, 31, 32, 33, 34, 35, 36, 37, 38, 41, 42, 43, 44, 45, 46, 49, 55, 56, 57, 58, 59, 60, 61, 62, 63, 64, 65, 66, 78, 79, 80, 81, 87, 99, 100, 101, 102, 103, 105, 106, 108, 115, 116, 117, 124, 125, 129], "excluded_lines": []}, "": {"executed_lines": [], "summary": {"covered_lines": 0, "num_statements": 13, "percent_covered": 0.0, "percent_covered_display": "0", "missing_lines": 13, "excluded_lines": 0}, "missing_lines": [3, 4, 5, 6, 8, 9, 11, 14, 17, 53, 68, 89, 127], "excluded_lines": []}}}}, "totals": {"covered_lines": 769, "num_statements": 2544, "percent_covered": 30.22798742138365, "percent_covered_display": "30", "missing_lines": 1775, "excluded_lines": 0}}